[1.833s] Invoking command in '/home/sysop/MAVLink/ros_depth_mav/build/depth_pkg': PYTHONPATH=/home/sysop/MAVLink/ros_depth_mav/build/depth_pkg/prefix_override:/usr/lib/python3/dist-packages/colcon_core/task/python/colcon_distutils_commands:/home/sysop/MAVLink/ros_depth_mav/install/depth_pkg/lib/python3.10/site-packages:${PYTHONPATH} VIRTUAL_ENV_PROMPT=(base) /usr/bin/python3 -W ignore:setup.py install is deprecated -W ignore:easy_install command is deprecated setup.py develop --editable --build-directory /home/sysop/MAVLink/ros_depth_mav/build/depth_pkg/build --no-deps
[2.829s] running develop
[3.000s] /usr/lib/python3/dist-packages/pkg_resources/__init__.py:116: PkgResourcesDeprecationWarning: 1.12.1-git20200711.33e2d80-dfsg1-0.6 is an invalid version and will not be supported in a future release
[3.001s]   warnings.warn(
[3.321s] running egg_info
[3.321s] creating depth_pkg.egg-info
[3.321s] writing depth_pkg.egg-info/PKG-INFO
[3.322s] writing dependency_links to depth_pkg.egg-info/dependency_links.txt
[3.322s] writing entry points to depth_pkg.egg-info/entry_points.txt
[3.323s] writing requirements to depth_pkg.egg-info/requires.txt
[3.323s] writing top-level names to depth_pkg.egg-info/top_level.txt
[3.332s] writing manifest file 'depth_pkg.egg-info/SOURCES.txt'
[3.336s] reading manifest file 'depth_pkg.egg-info/SOURCES.txt'
[3.337s] writing manifest file 'depth_pkg.egg-info/SOURCES.txt'
[3.443s] running build_ext
[3.443s] Creating /home/sysop/MAVLink/ros_depth_mav/install/depth_pkg/lib/python3.10/site-packages/depth-pkg.egg-link (link to .)
[3.445s] Installing depth_to_mavlink script to /home/sysop/MAVLink/ros_depth_mav/install/depth_pkg/bin
[3.446s] 
[3.446s] Installed /home/sysop/MAVLink/ros_depth_mav/build/depth_pkg
[3.543s] Invoked command in '/home/sysop/MAVLink/ros_depth_mav/build/depth_pkg' returned '0': PYTHONPATH=/home/sysop/MAVLink/ros_depth_mav/build/depth_pkg/prefix_override:/usr/lib/python3/dist-packages/colcon_core/task/python/colcon_distutils_commands:/home/sysop/MAVLink/ros_depth_mav/install/depth_pkg/lib/python3.10/site-packages:${PYTHONPATH} VIRTUAL_ENV_PROMPT=(base) /usr/bin/python3 -W ignore:setup.py install is deprecated -W ignore:easy_install command is deprecated setup.py develop --editable --build-directory /home/sysop/MAVLink/ros_depth_mav/build/depth_pkg/build --no-deps
