[0.964s] DEBUG:colcon:Command line arguments: ['/usr/bin/colcon', 'build', '--symlink-install']
[0.964s] DEBUG:colcon:Parsed command line arguments: Namespace(log_base=None, log_level=None, verb_name='build', build_base='build', install_base='install', merge_install=False, symlink_install=True, test_result_base=None, continue_on_error=False, executor='parallel', parallel_workers=6, event_handlers=None, ignore_user_meta=False, metas=['./colcon.meta'], base_paths=['.'], packages_ignore=None, packages_ignore_regex=None, paths=None, packages_up_to=None, packages_up_to_regex=None, packages_above=None, packages_above_and_dependencies=None, packages_above_depth=None, packages_select_by_dep=None, packages_skip_by_dep=None, packages_skip_up_to=None, packages_select_build_failed=False, packages_skip_build_finished=False, packages_select_test_failures=False, packages_skip_test_passed=False, packages_select=None, packages_skip=None, packages_select_regex=None, packages_skip_regex=None, packages_start=None, packages_end=None, allow_overriding=[], bazel_args=None, bazel_task=None, cmake_args=None, cmake_target=None, cmake_target_skip_unavailable=False, cmake_clean_cache=False, cmake_clean_first=False, cmake_force_configure=False, meson_args=[], ament_cmake_args=None, catkin_cmake_args=None, catkin_skip_building_tests=False, mixin_files=None, mixin=None, verb_parser=<colcon_alias.argument_parser.alias.AliasArgumentDecorator object at 0xffff89ebeb00>, verb_extension=<colcon_core.verb.build.BuildVerb object at 0xffff8a034790>, main=<bound method BuildVerb.main of <colcon_core.verb.build.BuildVerb object at 0xffff8a034790>>, mixin_verb=('build',))
[1.519s] Level 1:colcon.colcon_core.package_discovery:discover_packages(colcon_meta) check parameters
[1.520s] Level 1:colcon.colcon_core.package_discovery:discover_packages(recursive) check parameters
[1.520s] Level 1:colcon.colcon_core.package_discovery:discover_packages(ignore) check parameters
[1.520s] Level 1:colcon.colcon_core.package_discovery:discover_packages(path) check parameters
[1.520s] Level 1:colcon.colcon_core.package_discovery:discover_packages(colcon_meta) discover
[1.520s] Level 1:colcon.colcon_core.package_discovery:discover_packages(recursive) discover
[1.520s] INFO:colcon.colcon_core.package_discovery:Crawling recursively for packages in '/home/sysop/MAVLink/depth_to_nano/src/depth_rov_pkg'
[1.521s] Level 1:colcon.colcon_core.package_identification:_identify(.) by extensions ['ignore', 'ignore_ament_install']
[1.521s] Level 1:colcon.colcon_core.package_identification:_identify(.) by extension 'ignore'
[1.521s] Level 1:colcon.colcon_core.package_identification:_identify(.) by extension 'ignore_ament_install'
[1.521s] Level 1:colcon.colcon_core.package_identification:_identify(.) by extensions ['colcon_pkg']
[1.521s] Level 1:colcon.colcon_core.package_identification:_identify(.) by extension 'colcon_pkg'
[1.521s] Level 1:colcon.colcon_core.package_identification:_identify(.) by extensions ['colcon_meta']
[1.521s] Level 1:colcon.colcon_core.package_identification:_identify(.) by extension 'colcon_meta'
[1.521s] Level 1:colcon.colcon_core.package_identification:_identify(.) by extensions ['ros']
[1.522s] Level 1:colcon.colcon_core.package_identification:_identify(.) by extension 'ros'
[1.534s] DEBUG:colcon.colcon_core.package_identification:Package '.' with type 'ros.ament_python' and name 'depth_rov_pkg'
[1.534s] Level 1:colcon.colcon_core.package_discovery:discover_packages(recursive) using defaults
[1.534s] Level 1:colcon.colcon_core.package_discovery:discover_packages(ignore) discover
[1.534s] Level 1:colcon.colcon_core.package_discovery:discover_packages(ignore) using defaults
[1.534s] Level 1:colcon.colcon_core.package_discovery:discover_packages(path) discover
[1.534s] Level 1:colcon.colcon_core.package_discovery:discover_packages(path) using defaults
[1.640s] Level 1:colcon.colcon_core.package_discovery:discover_packages(prefix_path) check parameters
[1.640s] Level 1:colcon.colcon_core.package_discovery:discover_packages(prefix_path) discover
[1.642s] WARNING:colcon.colcon_core.prefix_path.colcon:The path '/home/sysop/MAVLink/depth_to_nano/install' in the environment variable COLCON_PREFIX_PATH doesn't exist
[1.643s] WARNING:colcon.colcon_ros.prefix_path.ament:The path '/home/sysop/MAVLink/depth_to_nano/install/depth_rov_pkg' in the environment variable AMENT_PREFIX_PATH doesn't exist
[1.693s] DEBUG:colcon.colcon_installed_package_information.package_discovery:Found 344 installed packages in /opt/ros/humble
[1.698s] DEBUG:colcon.colcon_installed_package_information.package_discovery:Found 1 installed packages in /home/sysop/MAVLink/ros_depth_mav/install
[1.699s] Level 1:colcon.colcon_core.package_discovery:discover_packages(prefix_path) using defaults
[1.784s] Level 5:colcon.colcon_core.verb:set package 'depth_rov_pkg' build argument 'bazel_args' from command line to 'None'
[1.785s] Level 5:colcon.colcon_core.verb:set package 'depth_rov_pkg' build argument 'bazel_task' from command line to 'None'
[1.785s] Level 5:colcon.colcon_core.verb:set package 'depth_rov_pkg' build argument 'cmake_args' from command line to 'None'
[1.785s] Level 5:colcon.colcon_core.verb:set package 'depth_rov_pkg' build argument 'cmake_target' from command line to 'None'
[1.785s] Level 5:colcon.colcon_core.verb:set package 'depth_rov_pkg' build argument 'cmake_target_skip_unavailable' from command line to 'False'
[1.785s] Level 5:colcon.colcon_core.verb:set package 'depth_rov_pkg' build argument 'cmake_clean_cache' from command line to 'False'
[1.785s] Level 5:colcon.colcon_core.verb:set package 'depth_rov_pkg' build argument 'cmake_clean_first' from command line to 'False'
[1.785s] Level 5:colcon.colcon_core.verb:set package 'depth_rov_pkg' build argument 'cmake_force_configure' from command line to 'False'
[1.785s] Level 5:colcon.colcon_core.verb:set package 'depth_rov_pkg' build argument 'meson_args' from command line to '[]'
[1.785s] Level 5:colcon.colcon_core.verb:set package 'depth_rov_pkg' build argument 'ament_cmake_args' from command line to 'None'
[1.785s] Level 5:colcon.colcon_core.verb:set package 'depth_rov_pkg' build argument 'catkin_cmake_args' from command line to 'None'
[1.785s] Level 5:colcon.colcon_core.verb:set package 'depth_rov_pkg' build argument 'catkin_skip_building_tests' from command line to 'False'
[1.786s] DEBUG:colcon.colcon_core.verb:Building package 'depth_rov_pkg' with the following arguments: {'ament_cmake_args': None, 'bazel_args': None, 'bazel_task': None, 'build_base': '/home/sysop/MAVLink/depth_to_nano/src/depth_rov_pkg/build/depth_rov_pkg', 'catkin_cmake_args': None, 'catkin_skip_building_tests': False, 'cmake_args': None, 'cmake_clean_cache': False, 'cmake_clean_first': False, 'cmake_force_configure': False, 'cmake_target': None, 'cmake_target_skip_unavailable': False, 'install_base': '/home/sysop/MAVLink/depth_to_nano/src/depth_rov_pkg/install/depth_rov_pkg', 'merge_install': False, 'meson_args': [], 'path': '/home/sysop/MAVLink/depth_to_nano/src/depth_rov_pkg', 'symlink_install': True, 'test_result_base': None}
[1.786s] INFO:colcon.colcon_core.executor:Executing jobs using 'parallel' executor
[1.789s] DEBUG:colcon.colcon_parallel_executor.executor.parallel:run_until_complete
[1.789s] INFO:colcon.colcon_ros.task.ament_python.build:Building ROS package in '/home/sysop/MAVLink/depth_to_nano/src/depth_rov_pkg' with build type 'ament_python'
[1.790s] Level 1:colcon.colcon_core.shell:create_environment_hook('depth_rov_pkg', 'ament_prefix_path')
[1.806s] INFO:colcon.colcon_core.plugin_system:Skipping extension 'colcon_core.shell.bat': Not used on non-Windows systems
[1.806s] INFO:colcon.colcon_core.shell:Creating environment hook '/home/sysop/MAVLink/depth_to_nano/src/depth_rov_pkg/install/depth_rov_pkg/share/depth_rov_pkg/hook/ament_prefix_path.ps1'
[1.808s] INFO:colcon.colcon_core.shell:Creating environment descriptor '/home/sysop/MAVLink/depth_to_nano/src/depth_rov_pkg/install/depth_rov_pkg/share/depth_rov_pkg/hook/ament_prefix_path.dsv'
[1.809s] INFO:colcon.colcon_core.shell:Creating environment hook '/home/sysop/MAVLink/depth_to_nano/src/depth_rov_pkg/install/depth_rov_pkg/share/depth_rov_pkg/hook/ament_prefix_path.sh'
[1.811s] DEBUG:colcon.colcon_ros_domain_id_coordinator.shell.ros_domain_id:Allocated ROS_DOMAIN_ID=2 for '/home/sysop/MAVLink/depth_to_nano/src/depth_rov_pkg/build/depth_rov_pkg'
[1.811s] INFO:colcon.colcon_core.shell:Skip shell extension 'ros_domain_id' for command environment: 
[1.811s] INFO:colcon.colcon_core.shell:Skip shell extension 'powershell' for command environment: Not usable outside of PowerShell
[1.811s] DEBUG:colcon.colcon_core.shell:Skip shell extension 'dsv' for command environment
[1.877s] WARNING:colcon.colcon_ros.task.ament_python.build:Package 'depth_rov_pkg' doesn't explicitly install a marker in the package index (colcon-ros currently does it implicitly but that fallback will be removed in the future)
[1.878s] WARNING:colcon.colcon_ros.task.ament_python.build:Package 'depth_rov_pkg' doesn't explicitly install the 'package.xml' file (colcon-ros currently does it implicitly but that fallback will be removed in the future)
[1.878s] INFO:colcon.colcon_core.task.python.build:Building Python package in '/home/sysop/MAVLink/depth_to_nano/src/depth_rov_pkg'
[1.879s] DEBUG:colcon.colcon_ros_domain_id_coordinator.shell.ros_domain_id:Allocated ROS_DOMAIN_ID=2 for '/home/sysop/MAVLink/depth_to_nano/src/depth_rov_pkg/build/depth_rov_pkg'
[1.879s] INFO:colcon.colcon_core.shell:Skip shell extension 'ros_domain_id' for command environment: 
[1.879s] INFO:colcon.colcon_core.shell:Skip shell extension 'powershell' for command environment: Not usable outside of PowerShell
[1.879s] DEBUG:colcon.colcon_core.shell:Skip shell extension 'dsv' for command environment
[3.555s] DEBUG:colcon.colcon_core.event_handler.log_command:Invoking command in '/home/sysop/MAVLink/depth_to_nano/src/depth_rov_pkg/build/depth_rov_pkg': PS1=\[\e]0;\u@\h: \w\a\]${debian_chroot:+($debian_chroot)}\[\033[01;32m\]\u@\h\[\033[00m\]:\[\033[01;34m\]\w\[\033[00m\]\$ PYTHONPATH=/home/sysop/MAVLink/depth_to_nano/src/depth_rov_pkg/build/depth_rov_pkg/prefix_override:/usr/lib/python3/dist-packages/colcon_core/task/python/colcon_distutils_commands:/home/sysop/MAVLink/depth_to_nano/src/depth_rov_pkg/install/depth_rov_pkg/lib/python3.10/site-packages:${PYTHONPATH} /usr/bin/python3 -W ignore:setup.py install is deprecated -W ignore:easy_install command is deprecated setup.py develop --editable --build-directory /home/sysop/MAVLink/depth_to_nano/src/depth_rov_pkg/build/depth_rov_pkg/build --no-deps
[5.352s] Level 1:colcon.colcon_core.shell:create_environment_hook('depth_rov_pkg', 'pythonpath_develop')
[5.353s] INFO:colcon.colcon_core.shell:Creating environment hook '/home/sysop/MAVLink/depth_to_nano/src/depth_rov_pkg/build/depth_rov_pkg/share/depth_rov_pkg/hook/pythonpath_develop.ps1'
[5.354s] DEBUG:colcon.colcon_core.event_handler.log_command:Invoked command in '/home/sysop/MAVLink/depth_to_nano/src/depth_rov_pkg/build/depth_rov_pkg' returned '0': PS1=\[\e]0;\u@\h: \w\a\]${debian_chroot:+($debian_chroot)}\[\033[01;32m\]\u@\h\[\033[00m\]:\[\033[01;34m\]\w\[\033[00m\]\$ PYTHONPATH=/home/sysop/MAVLink/depth_to_nano/src/depth_rov_pkg/build/depth_rov_pkg/prefix_override:/usr/lib/python3/dist-packages/colcon_core/task/python/colcon_distutils_commands:/home/sysop/MAVLink/depth_to_nano/src/depth_rov_pkg/install/depth_rov_pkg/lib/python3.10/site-packages:${PYTHONPATH} /usr/bin/python3 -W ignore:setup.py install is deprecated -W ignore:easy_install command is deprecated setup.py develop --editable --build-directory /home/sysop/MAVLink/depth_to_nano/src/depth_rov_pkg/build/depth_rov_pkg/build --no-deps
[5.355s] INFO:colcon.colcon_core.shell:Creating environment descriptor '/home/sysop/MAVLink/depth_to_nano/src/depth_rov_pkg/build/depth_rov_pkg/share/depth_rov_pkg/hook/pythonpath_develop.dsv'
[5.356s] INFO:colcon.colcon_core.shell:Creating environment hook '/home/sysop/MAVLink/depth_to_nano/src/depth_rov_pkg/build/depth_rov_pkg/share/depth_rov_pkg/hook/pythonpath_develop.sh'
[5.368s] Level 1:colcon.colcon_core.environment:checking '/home/sysop/MAVLink/depth_to_nano/src/depth_rov_pkg/install/depth_rov_pkg' for CMake module files
[5.369s] Level 1:colcon.colcon_core.environment:checking '/home/sysop/MAVLink/depth_to_nano/src/depth_rov_pkg/install/depth_rov_pkg' for CMake config files
[5.370s] Level 1:colcon.colcon_core.environment:checking '/home/sysop/MAVLink/depth_to_nano/src/depth_rov_pkg/install/depth_rov_pkg/lib'
[5.370s] Level 1:colcon.colcon_core.environment:checking '/home/sysop/MAVLink/depth_to_nano/src/depth_rov_pkg/install/depth_rov_pkg/bin'
[5.371s] Level 1:colcon.colcon_core.shell:create_environment_hook('depth_rov_pkg', 'path')
[5.371s] INFO:colcon.colcon_core.shell:Creating environment hook '/home/sysop/MAVLink/depth_to_nano/src/depth_rov_pkg/install/depth_rov_pkg/share/depth_rov_pkg/hook/path.ps1'
[5.373s] INFO:colcon.colcon_core.shell:Creating environment descriptor '/home/sysop/MAVLink/depth_to_nano/src/depth_rov_pkg/install/depth_rov_pkg/share/depth_rov_pkg/hook/path.dsv'
[5.373s] INFO:colcon.colcon_core.shell:Creating environment hook '/home/sysop/MAVLink/depth_to_nano/src/depth_rov_pkg/install/depth_rov_pkg/share/depth_rov_pkg/hook/path.sh'
[5.374s] Level 1:colcon.colcon_core.environment:checking '/home/sysop/MAVLink/depth_to_nano/src/depth_rov_pkg/install/depth_rov_pkg/lib/pkgconfig/depth_rov_pkg.pc'
[5.375s] Level 1:colcon.colcon_core.environment:checking '/home/sysop/MAVLink/depth_to_nano/src/depth_rov_pkg/install/depth_rov_pkg/lib/python3.10/site-packages'
[5.375s] Level 1:colcon.colcon_core.shell:create_environment_hook('depth_rov_pkg', 'pythonpath')
[5.376s] INFO:colcon.colcon_core.shell:Creating environment hook '/home/sysop/MAVLink/depth_to_nano/src/depth_rov_pkg/install/depth_rov_pkg/share/depth_rov_pkg/hook/pythonpath.ps1'
[5.376s] INFO:colcon.colcon_core.shell:Creating environment descriptor '/home/sysop/MAVLink/depth_to_nano/src/depth_rov_pkg/install/depth_rov_pkg/share/depth_rov_pkg/hook/pythonpath.dsv'
[5.377s] INFO:colcon.colcon_core.shell:Creating environment hook '/home/sysop/MAVLink/depth_to_nano/src/depth_rov_pkg/install/depth_rov_pkg/share/depth_rov_pkg/hook/pythonpath.sh'
[5.378s] Level 1:colcon.colcon_core.environment:checking '/home/sysop/MAVLink/depth_to_nano/src/depth_rov_pkg/install/depth_rov_pkg/bin'
[5.378s] Level 1:colcon.colcon_core.shell:create_environment_hook('depth_rov_pkg', 'pythonscriptspath')
[5.379s] INFO:colcon.colcon_core.shell:Creating environment hook '/home/sysop/MAVLink/depth_to_nano/src/depth_rov_pkg/install/depth_rov_pkg/share/depth_rov_pkg/hook/pythonscriptspath.ps1'
[5.380s] INFO:colcon.colcon_core.shell:Creating environment descriptor '/home/sysop/MAVLink/depth_to_nano/src/depth_rov_pkg/install/depth_rov_pkg/share/depth_rov_pkg/hook/pythonscriptspath.dsv'
[5.380s] INFO:colcon.colcon_core.shell:Creating environment hook '/home/sysop/MAVLink/depth_to_nano/src/depth_rov_pkg/install/depth_rov_pkg/share/depth_rov_pkg/hook/pythonscriptspath.sh'
[5.381s] Level 1:colcon.colcon_core.environment:create_environment_scripts_only(depth_rov_pkg)
[5.382s] INFO:colcon.colcon_core.shell:Creating package script '/home/sysop/MAVLink/depth_to_nano/src/depth_rov_pkg/install/depth_rov_pkg/share/depth_rov_pkg/package.ps1'
[5.384s] INFO:colcon.colcon_core.shell:Creating package descriptor '/home/sysop/MAVLink/depth_to_nano/src/depth_rov_pkg/install/depth_rov_pkg/share/depth_rov_pkg/package.dsv'
[5.386s] INFO:colcon.colcon_core.shell:Creating package script '/home/sysop/MAVLink/depth_to_nano/src/depth_rov_pkg/install/depth_rov_pkg/share/depth_rov_pkg/package.sh'
[5.387s] INFO:colcon.colcon_core.shell:Creating package script '/home/sysop/MAVLink/depth_to_nano/src/depth_rov_pkg/install/depth_rov_pkg/share/depth_rov_pkg/package.bash'
[5.389s] INFO:colcon.colcon_core.shell:Creating package script '/home/sysop/MAVLink/depth_to_nano/src/depth_rov_pkg/install/depth_rov_pkg/share/depth_rov_pkg/package.zsh'
[5.390s] Level 1:colcon.colcon_core.environment:create_file_with_runtime_dependencies(/home/sysop/MAVLink/depth_to_nano/src/depth_rov_pkg/install/depth_rov_pkg/share/colcon-core/packages/depth_rov_pkg)
[5.391s] DEBUG:colcon.colcon_parallel_executor.executor.parallel:closing loop
[5.391s] DEBUG:colcon.colcon_ros_domain_id_coordinator.shell.ros_domain_id:Released ROS_DOMAIN_ID=2 for '/home/sysop/MAVLink/depth_to_nano/src/depth_rov_pkg/build/depth_rov_pkg'
[5.392s] DEBUG:colcon.colcon_parallel_executor.executor.parallel:loop closed
[5.392s] DEBUG:colcon.colcon_parallel_executor.executor.parallel:run_until_complete finished with '0'
[5.392s] DEBUG:colcon.colcon_core.event_reactor:joining thread
[5.416s] INFO:colcon.colcon_core.plugin_system:Skipping extension 'colcon_notification.desktop_notification.terminal_notifier': Not used on non-Darwin systems
[5.416s] INFO:colcon.colcon_core.plugin_system:Skipping extension 'colcon_notification.desktop_notification.win32': Not used on non-Windows systems
[5.416s] INFO:colcon.colcon_notification.desktop_notification:Sending desktop notification using 'notify2'
[5.448s] DEBUG:colcon.colcon_notification.desktop_notification.notify2:Failed to initialize notify2: org.freedesktop.DBus.Error.Spawn.ChildExited: Process org.freedesktop.Notifications exited with status 1
[5.448s] DEBUG:colcon.colcon_core.event_reactor:joined thread
[5.449s] INFO:colcon.colcon_core.shell:Creating prefix script '/home/sysop/MAVLink/depth_to_nano/src/depth_rov_pkg/install/local_setup.ps1'
[5.451s] INFO:colcon.colcon_core.shell:Creating prefix util module '/home/sysop/MAVLink/depth_to_nano/src/depth_rov_pkg/install/_local_setup_util_ps1.py'
[5.454s] INFO:colcon.colcon_core.shell:Creating prefix chain script '/home/sysop/MAVLink/depth_to_nano/src/depth_rov_pkg/install/setup.ps1'
[5.484s] INFO:colcon.colcon_core.shell:Creating prefix script '/home/sysop/MAVLink/depth_to_nano/src/depth_rov_pkg/install/local_setup.sh'
[5.485s] INFO:colcon.colcon_core.shell:Creating prefix util module '/home/sysop/MAVLink/depth_to_nano/src/depth_rov_pkg/install/_local_setup_util_sh.py'
[5.486s] INFO:colcon.colcon_core.shell:Creating prefix chain script '/home/sysop/MAVLink/depth_to_nano/src/depth_rov_pkg/install/setup.sh'
[5.516s] INFO:colcon.colcon_core.shell:Creating prefix script '/home/sysop/MAVLink/depth_to_nano/src/depth_rov_pkg/install/local_setup.bash'
[5.517s] INFO:colcon.colcon_core.shell:Creating prefix chain script '/home/sysop/MAVLink/depth_to_nano/src/depth_rov_pkg/install/setup.bash'
[5.547s] INFO:colcon.colcon_core.shell:Creating prefix script '/home/sysop/MAVLink/depth_to_nano/src/depth_rov_pkg/install/local_setup.zsh'
[5.548s] INFO:colcon.colcon_core.shell:Creating prefix chain script '/home/sysop/MAVLink/depth_to_nano/src/depth_rov_pkg/install/setup.zsh'
[5.577s] INFO:colcon.colcon_core.shell:Creating '/home/sysop/MAVLink/depth_to_nano/src/depth_rov_pkg/install/spawn_shell.bash'
