[0.860s] DEBUG:colcon:Command line arguments: ['/usr/bin/colcon', 'build']
[0.862s] DEBUG:colcon:Parsed command line arguments: Namespace(log_base=None, log_level=None, verb_name='build', build_base='build', install_base='install', merge_install=False, symlink_install=False, test_result_base=None, continue_on_error=False, executor='parallel', parallel_workers=6, event_handlers=None, ignore_user_meta=False, metas=['./colcon.meta'], base_paths=['.'], packages_ignore=None, packages_ignore_regex=None, paths=None, packages_up_to=None, packages_up_to_regex=None, packages_above=None, packages_above_and_dependencies=None, packages_above_depth=None, packages_select_by_dep=None, packages_skip_by_dep=None, packages_skip_up_to=None, packages_select_build_failed=False, packages_skip_build_finished=False, packages_select_test_failures=False, packages_skip_test_passed=False, packages_select=None, packages_skip=None, packages_select_regex=None, packages_skip_regex=None, packages_start=None, packages_end=None, allow_overriding=[], bazel_args=None, bazel_task=None, cmake_args=None, cmake_target=None, cmake_target_skip_unavailable=False, cmake_clean_cache=False, cmake_clean_first=False, cmake_force_configure=False, meson_args=[], ament_cmake_args=None, catkin_cmake_args=None, catkin_skip_building_tests=False, mixin_files=None, mixin=None, verb_parser=<colcon_alias.argument_parser.alias.AliasArgumentDecorator object at 0xffff9f2a1db0>, verb_extension=<colcon_core.verb.build.BuildVerb object at 0xffff9f4141f0>, main=<bound method BuildVerb.main of <colcon_core.verb.build.BuildVerb object at 0xffff9f4141f0>>, mixin_verb=('build',))
[1.379s] Level 1:colcon.colcon_core.package_discovery:discover_packages(colcon_meta) check parameters
[1.379s] Level 1:colcon.colcon_core.package_discovery:discover_packages(recursive) check parameters
[1.379s] Level 1:colcon.colcon_core.package_discovery:discover_packages(ignore) check parameters
[1.380s] Level 1:colcon.colcon_core.package_discovery:discover_packages(path) check parameters
[1.380s] Level 1:colcon.colcon_core.package_discovery:discover_packages(colcon_meta) discover
[1.380s] Level 1:colcon.colcon_core.package_discovery:discover_packages(recursive) discover
[1.380s] INFO:colcon.colcon_core.package_discovery:Crawling recursively for packages in '/home/sysop/MAVLink/teg_MAVLink'
[1.380s] Level 1:colcon.colcon_core.package_identification:_identify(.) by extensions ['ignore', 'ignore_ament_install']
[1.380s] Level 1:colcon.colcon_core.package_identification:_identify(.) by extension 'ignore'
[1.380s] Level 1:colcon.colcon_core.package_identification:_identify(.) by extension 'ignore_ament_install'
[1.381s] Level 1:colcon.colcon_core.package_identification:_identify(.) by extensions ['colcon_pkg']
[1.381s] Level 1:colcon.colcon_core.package_identification:_identify(.) by extension 'colcon_pkg'
[1.381s] Level 1:colcon.colcon_core.package_identification:_identify(.) by extensions ['colcon_meta']
[1.381s] Level 1:colcon.colcon_core.package_identification:_identify(.) by extension 'colcon_meta'
[1.381s] Level 1:colcon.colcon_core.package_identification:_identify(.) by extensions ['ros']
[1.381s] Level 1:colcon.colcon_core.package_identification:_identify(.) by extension 'ros'
[1.387s] Level 1:colcon.colcon_core.package_identification:_identify(.) by extensions ['bazel', 'cmake', 'meson', 'python']
[1.387s] Level 1:colcon.colcon_core.package_identification:_identify(.) by extension 'bazel'
[1.387s] Level 1:colcon.colcon_core.package_identification:_identify(.) by extension 'cmake'
[1.387s] Level 1:colcon.colcon_core.package_identification:_identify(.) by extension 'meson'
[1.388s] Level 1:colcon.colcon_core.package_identification:_identify(.) by extension 'python'
[1.388s] Level 1:colcon.colcon_core.package_identification:_identify(.) by extensions ['python_setup_py']
[1.388s] Level 1:colcon.colcon_core.package_identification:_identify(.) by extension 'python_setup_py'
[1.388s] Level 1:colcon.colcon_core.package_identification:_identify(build) by extensions ['ignore', 'ignore_ament_install']
[1.388s] Level 1:colcon.colcon_core.package_identification:_identify(build) by extension 'ignore'
[1.388s] Level 1:colcon.colcon_core.package_identification:_identify(build) ignored
[1.389s] Level 1:colcon.colcon_core.package_identification:_identify(install) by extensions ['ignore', 'ignore_ament_install']
[1.389s] Level 1:colcon.colcon_core.package_identification:_identify(install) by extension 'ignore'
[1.389s] Level 1:colcon.colcon_core.package_identification:_identify(install) ignored
[1.389s] Level 1:colcon.colcon_core.package_identification:_identify(log) by extensions ['ignore', 'ignore_ament_install']
[1.389s] Level 1:colcon.colcon_core.package_identification:_identify(log) by extension 'ignore'
[1.389s] Level 1:colcon.colcon_core.package_identification:_identify(log) ignored
[1.390s] Level 1:colcon.colcon_core.package_identification:_identify(src) by extensions ['ignore', 'ignore_ament_install']
[1.390s] Level 1:colcon.colcon_core.package_identification:_identify(src) by extension 'ignore'
[1.390s] Level 1:colcon.colcon_core.package_identification:_identify(src) by extension 'ignore_ament_install'
[1.390s] Level 1:colcon.colcon_core.package_identification:_identify(src) by extensions ['colcon_pkg']
[1.390s] Level 1:colcon.colcon_core.package_identification:_identify(src) by extension 'colcon_pkg'
[1.390s] Level 1:colcon.colcon_core.package_identification:_identify(src) by extensions ['colcon_meta']
[1.390s] Level 1:colcon.colcon_core.package_identification:_identify(src) by extension 'colcon_meta'
[1.390s] Level 1:colcon.colcon_core.package_identification:_identify(src) by extensions ['ros']
[1.390s] Level 1:colcon.colcon_core.package_identification:_identify(src) by extension 'ros'
[1.391s] Level 1:colcon.colcon_core.package_identification:_identify(src) by extensions ['bazel', 'cmake', 'meson', 'python']
[1.391s] Level 1:colcon.colcon_core.package_identification:_identify(src) by extension 'bazel'
[1.391s] Level 1:colcon.colcon_core.package_identification:_identify(src) by extension 'cmake'
[1.391s] Level 1:colcon.colcon_core.package_identification:_identify(src) by extension 'meson'
[1.391s] Level 1:colcon.colcon_core.package_identification:_identify(src) by extension 'python'
[1.391s] Level 1:colcon.colcon_core.package_identification:_identify(src) by extensions ['python_setup_py']
[1.391s] Level 1:colcon.colcon_core.package_identification:_identify(src) by extension 'python_setup_py'
[1.391s] Level 1:colcon.colcon_core.package_identification:_identify(src/my_bridge_pkg) by extensions ['ignore', 'ignore_ament_install']
[1.392s] Level 1:colcon.colcon_core.package_identification:_identify(src/my_bridge_pkg) by extension 'ignore'
[1.392s] Level 1:colcon.colcon_core.package_identification:_identify(src/my_bridge_pkg) by extension 'ignore_ament_install'
[1.392s] Level 1:colcon.colcon_core.package_identification:_identify(src/my_bridge_pkg) by extensions ['colcon_pkg']
[1.392s] Level 1:colcon.colcon_core.package_identification:_identify(src/my_bridge_pkg) by extension 'colcon_pkg'
[1.392s] Level 1:colcon.colcon_core.package_identification:_identify(src/my_bridge_pkg) by extensions ['colcon_meta']
[1.392s] Level 1:colcon.colcon_core.package_identification:_identify(src/my_bridge_pkg) by extension 'colcon_meta'
[1.392s] Level 1:colcon.colcon_core.package_identification:_identify(src/my_bridge_pkg) by extensions ['ros']
[1.392s] Level 1:colcon.colcon_core.package_identification:_identify(src/my_bridge_pkg) by extension 'ros'
[1.396s] DEBUG:colcon.colcon_core.package_identification:Failed to parse potential ROS package manifest in'src/my_bridge_pkg': Error(s) in package 'src/my_bridge_pkg/package.xml':
Error(s):
- The manifest of package "my_bridge_pkg" (with format version 3) must not contain the following tags: build_type
[1.396s] Level 1:colcon.colcon_core.package_identification:_identify(src/my_bridge_pkg) by extensions ['bazel', 'cmake', 'meson', 'python']
[1.396s] Level 1:colcon.colcon_core.package_identification:_identify(src/my_bridge_pkg) by extension 'bazel'
[1.396s] Level 1:colcon.colcon_core.package_identification:_identify(src/my_bridge_pkg) by extension 'cmake'
[1.396s] Level 1:colcon.colcon_core.package_identification:_identify(src/my_bridge_pkg) by extension 'meson'
[1.396s] Level 1:colcon.colcon_core.package_identification:_identify(src/my_bridge_pkg) by extension 'python'
[1.439s] DEBUG:colcon.colcon_core.package_identification:Package 'src/my_bridge_pkg' with type 'python' and name 'my_bridge_pkg'
[1.439s] Level 1:colcon.colcon_core.package_discovery:discover_packages(recursive) using defaults
[1.439s] Level 1:colcon.colcon_core.package_discovery:discover_packages(ignore) discover
[1.439s] Level 1:colcon.colcon_core.package_discovery:discover_packages(ignore) using defaults
[1.439s] Level 1:colcon.colcon_core.package_discovery:discover_packages(path) discover
[1.439s] Level 1:colcon.colcon_core.package_discovery:discover_packages(path) using defaults
[1.498s] Level 1:colcon.colcon_core.package_discovery:discover_packages(prefix_path) check parameters
[1.498s] Level 1:colcon.colcon_core.package_discovery:discover_packages(prefix_path) discover
[1.500s] WARNING:colcon.colcon_ros.prefix_path.ament:The path '/home/sysop/MAVLink/depth_node_rov/install/depth' in the environment variable AMENT_PREFIX_PATH doesn't exist
[1.530s] DEBUG:colcon.colcon_installed_package_information.package_discovery:Found 1 installed packages in /home/sysop/MAVLink/depth_node_rov/install
[1.549s] DEBUG:colcon.colcon_installed_package_information.package_discovery:Found 340 installed packages in /opt/ros/humble
[1.552s] Level 1:colcon.colcon_core.package_discovery:discover_packages(prefix_path) using defaults
[1.631s] Level 5:colcon.colcon_core.verb:set package 'my_bridge_pkg' build argument 'bazel_args' from command line to 'None'
[1.632s] Level 5:colcon.colcon_core.verb:set package 'my_bridge_pkg' build argument 'bazel_task' from command line to 'None'
[1.632s] Level 5:colcon.colcon_core.verb:set package 'my_bridge_pkg' build argument 'cmake_args' from command line to 'None'
[1.632s] Level 5:colcon.colcon_core.verb:set package 'my_bridge_pkg' build argument 'cmake_target' from command line to 'None'
[1.632s] Level 5:colcon.colcon_core.verb:set package 'my_bridge_pkg' build argument 'cmake_target_skip_unavailable' from command line to 'False'
[1.632s] Level 5:colcon.colcon_core.verb:set package 'my_bridge_pkg' build argument 'cmake_clean_cache' from command line to 'False'
[1.632s] Level 5:colcon.colcon_core.verb:set package 'my_bridge_pkg' build argument 'cmake_clean_first' from command line to 'False'
[1.632s] Level 5:colcon.colcon_core.verb:set package 'my_bridge_pkg' build argument 'cmake_force_configure' from command line to 'False'
[1.632s] Level 5:colcon.colcon_core.verb:set package 'my_bridge_pkg' build argument 'meson_args' from command line to '[]'
[1.632s] Level 5:colcon.colcon_core.verb:set package 'my_bridge_pkg' build argument 'ament_cmake_args' from command line to 'None'
[1.632s] Level 5:colcon.colcon_core.verb:set package 'my_bridge_pkg' build argument 'catkin_cmake_args' from command line to 'None'
[1.632s] Level 5:colcon.colcon_core.verb:set package 'my_bridge_pkg' build argument 'catkin_skip_building_tests' from command line to 'False'
[1.632s] DEBUG:colcon.colcon_core.verb:Building package 'my_bridge_pkg' with the following arguments: {'ament_cmake_args': None, 'bazel_args': None, 'bazel_task': None, 'build_base': '/home/sysop/MAVLink/teg_MAVLink/build/my_bridge_pkg', 'catkin_cmake_args': None, 'catkin_skip_building_tests': False, 'cmake_args': None, 'cmake_clean_cache': False, 'cmake_clean_first': False, 'cmake_force_configure': False, 'cmake_target': None, 'cmake_target_skip_unavailable': False, 'install_base': '/home/sysop/MAVLink/teg_MAVLink/install/my_bridge_pkg', 'merge_install': False, 'meson_args': [], 'path': '/home/sysop/MAVLink/teg_MAVLink/src/my_bridge_pkg', 'symlink_install': False, 'test_result_base': None}
[1.633s] INFO:colcon.colcon_core.executor:Executing jobs using 'parallel' executor
[1.635s] DEBUG:colcon.colcon_parallel_executor.executor.parallel:run_until_complete
[1.636s] INFO:colcon.colcon_core.task.python.build:Building Python package in '/home/sysop/MAVLink/teg_MAVLink/src/my_bridge_pkg'
[1.649s] INFO:colcon.colcon_core.plugin_system:Skipping extension 'colcon_core.shell.bat': Not used on non-Windows systems
[1.650s] DEBUG:colcon.colcon_ros_domain_id_coordinator.shell.ros_domain_id:Allocated ROS_DOMAIN_ID=219 for '/home/sysop/MAVLink/teg_MAVLink/build/my_bridge_pkg'
[1.650s] INFO:colcon.colcon_core.shell:Skip shell extension 'ros_domain_id' for command environment: 
[1.650s] INFO:colcon.colcon_core.shell:Skip shell extension 'powershell' for command environment: Not usable outside of PowerShell
[1.650s] DEBUG:colcon.colcon_core.shell:Skip shell extension 'dsv' for command environment
[3.148s] DEBUG:colcon.colcon_core.event_handler.log_command:Invoking command in '/home/sysop/MAVLink/teg_MAVLink/src/my_bridge_pkg': PYTHONPATH=/home/sysop/MAVLink/teg_MAVLink/build/my_bridge_pkg/prefix_override:/usr/lib/python3/dist-packages/colcon_core/task/python/colcon_distutils_commands:/home/sysop/MAVLink/teg_MAVLink/install/my_bridge_pkg/lib/python3.10/site-packages:${PYTHONPATH} VIRTUAL_ENV_PROMPT=(base) /usr/bin/python3 -W ignore:setup.py install is deprecated -W ignore:easy_install command is deprecated setup.py egg_info --egg-base ../../build/my_bridge_pkg build --build-base /home/sysop/MAVLink/teg_MAVLink/build/my_bridge_pkg/build install --record /home/sysop/MAVLink/teg_MAVLink/build/my_bridge_pkg/install.log --single-version-externally-managed
[4.223s] DEBUG:colcon.colcon_core.event_handler.log_command:Invoked command in '/home/sysop/MAVLink/teg_MAVLink/src/my_bridge_pkg' returned '0': PYTHONPATH=/home/sysop/MAVLink/teg_MAVLink/build/my_bridge_pkg/prefix_override:/usr/lib/python3/dist-packages/colcon_core/task/python/colcon_distutils_commands:/home/sysop/MAVLink/teg_MAVLink/install/my_bridge_pkg/lib/python3.10/site-packages:${PYTHONPATH} VIRTUAL_ENV_PROMPT=(base) /usr/bin/python3 -W ignore:setup.py install is deprecated -W ignore:easy_install command is deprecated setup.py egg_info --egg-base ../../build/my_bridge_pkg build --build-base /home/sysop/MAVLink/teg_MAVLink/build/my_bridge_pkg/build install --record /home/sysop/MAVLink/teg_MAVLink/build/my_bridge_pkg/install.log --single-version-externally-managed
[4.240s] Level 1:colcon.colcon_core.environment:checking '/home/sysop/MAVLink/teg_MAVLink/install/my_bridge_pkg' for CMake module files
[4.241s] Level 1:colcon.colcon_core.environment:checking '/home/sysop/MAVLink/teg_MAVLink/install/my_bridge_pkg' for CMake config files
[4.243s] Level 1:colcon.colcon_core.environment:checking '/home/sysop/MAVLink/teg_MAVLink/install/my_bridge_pkg/lib'
[4.244s] Level 1:colcon.colcon_core.environment:checking '/home/sysop/MAVLink/teg_MAVLink/install/my_bridge_pkg/bin'
[4.244s] Level 1:colcon.colcon_core.shell:create_environment_hook('my_bridge_pkg', 'path')
[4.245s] INFO:colcon.colcon_core.shell:Creating environment hook '/home/sysop/MAVLink/teg_MAVLink/install/my_bridge_pkg/share/my_bridge_pkg/hook/path.ps1'
[4.248s] INFO:colcon.colcon_core.shell:Creating environment descriptor '/home/sysop/MAVLink/teg_MAVLink/install/my_bridge_pkg/share/my_bridge_pkg/hook/path.dsv'
[4.249s] INFO:colcon.colcon_core.shell:Creating environment hook '/home/sysop/MAVLink/teg_MAVLink/install/my_bridge_pkg/share/my_bridge_pkg/hook/path.sh'
[4.252s] Level 1:colcon.colcon_core.environment:checking '/home/sysop/MAVLink/teg_MAVLink/install/my_bridge_pkg/lib/pkgconfig/my_bridge_pkg.pc'
[4.253s] Level 1:colcon.colcon_core.environment:checking '/home/sysop/MAVLink/teg_MAVLink/install/my_bridge_pkg/lib/python3.10/site-packages'
[4.253s] Level 1:colcon.colcon_core.shell:create_environment_hook('my_bridge_pkg', 'pythonpath')
[4.254s] INFO:colcon.colcon_core.shell:Creating environment hook '/home/sysop/MAVLink/teg_MAVLink/install/my_bridge_pkg/share/my_bridge_pkg/hook/pythonpath.ps1'
[4.255s] INFO:colcon.colcon_core.shell:Creating environment descriptor '/home/sysop/MAVLink/teg_MAVLink/install/my_bridge_pkg/share/my_bridge_pkg/hook/pythonpath.dsv'
[4.257s] INFO:colcon.colcon_core.shell:Creating environment hook '/home/sysop/MAVLink/teg_MAVLink/install/my_bridge_pkg/share/my_bridge_pkg/hook/pythonpath.sh'
[4.259s] Level 1:colcon.colcon_core.environment:checking '/home/sysop/MAVLink/teg_MAVLink/install/my_bridge_pkg/bin'
[4.259s] Level 1:colcon.colcon_core.shell:create_environment_hook('my_bridge_pkg', 'pythonscriptspath')
[4.260s] INFO:colcon.colcon_core.shell:Creating environment hook '/home/sysop/MAVLink/teg_MAVLink/install/my_bridge_pkg/share/my_bridge_pkg/hook/pythonscriptspath.ps1'
[4.262s] INFO:colcon.colcon_core.shell:Creating environment descriptor '/home/sysop/MAVLink/teg_MAVLink/install/my_bridge_pkg/share/my_bridge_pkg/hook/pythonscriptspath.dsv'
[4.263s] INFO:colcon.colcon_core.shell:Creating environment hook '/home/sysop/MAVLink/teg_MAVLink/install/my_bridge_pkg/share/my_bridge_pkg/hook/pythonscriptspath.sh'
[4.264s] Level 1:colcon.colcon_core.environment:create_environment_scripts_only(my_bridge_pkg)
[4.265s] INFO:colcon.colcon_core.shell:Creating package script '/home/sysop/MAVLink/teg_MAVLink/install/my_bridge_pkg/share/my_bridge_pkg/package.ps1'
[4.269s] INFO:colcon.colcon_core.shell:Creating package descriptor '/home/sysop/MAVLink/teg_MAVLink/install/my_bridge_pkg/share/my_bridge_pkg/package.dsv'
[4.271s] INFO:colcon.colcon_core.shell:Creating package script '/home/sysop/MAVLink/teg_MAVLink/install/my_bridge_pkg/share/my_bridge_pkg/package.sh'
[4.274s] INFO:colcon.colcon_core.shell:Creating package script '/home/sysop/MAVLink/teg_MAVLink/install/my_bridge_pkg/share/my_bridge_pkg/package.bash'
[4.276s] INFO:colcon.colcon_core.shell:Creating package script '/home/sysop/MAVLink/teg_MAVLink/install/my_bridge_pkg/share/my_bridge_pkg/package.zsh'
[4.279s] Level 1:colcon.colcon_core.environment:create_file_with_runtime_dependencies(/home/sysop/MAVLink/teg_MAVLink/install/my_bridge_pkg/share/colcon-core/packages/my_bridge_pkg)
[4.280s] DEBUG:colcon.colcon_parallel_executor.executor.parallel:closing loop
[4.281s] DEBUG:colcon.colcon_ros_domain_id_coordinator.shell.ros_domain_id:Released ROS_DOMAIN_ID=219 for '/home/sysop/MAVLink/teg_MAVLink/build/my_bridge_pkg'
[4.281s] DEBUG:colcon.colcon_parallel_executor.executor.parallel:loop closed
[4.282s] DEBUG:colcon.colcon_parallel_executor.executor.parallel:run_until_complete finished with '0'
[4.282s] DEBUG:colcon.colcon_core.event_reactor:joining thread
[4.321s] INFO:colcon.colcon_core.plugin_system:Skipping extension 'colcon_notification.desktop_notification.terminal_notifier': Not used on non-Darwin systems
[4.322s] INFO:colcon.colcon_core.plugin_system:Skipping extension 'colcon_notification.desktop_notification.win32': Not used on non-Windows systems
[4.322s] INFO:colcon.colcon_notification.desktop_notification:Sending desktop notification using 'notify2'
[4.352s] DEBUG:colcon.colcon_notification.desktop_notification.notify2:Failed to initialize notify2: org.freedesktop.DBus.Error.Spawn.ChildExited: Process org.freedesktop.Notifications exited with status 1
[4.353s] DEBUG:colcon.colcon_core.event_reactor:joined thread
[4.354s] INFO:colcon.colcon_core.shell:Creating prefix script '/home/sysop/MAVLink/teg_MAVLink/install/local_setup.ps1'
[4.358s] INFO:colcon.colcon_core.shell:Creating prefix util module '/home/sysop/MAVLink/teg_MAVLink/install/_local_setup_util_ps1.py'
[4.363s] INFO:colcon.colcon_core.shell:Creating prefix chain script '/home/sysop/MAVLink/teg_MAVLink/install/setup.ps1'
[4.412s] INFO:colcon.colcon_core.shell:Creating prefix script '/home/sysop/MAVLink/teg_MAVLink/install/local_setup.sh'
[4.413s] INFO:colcon.colcon_core.shell:Creating prefix util module '/home/sysop/MAVLink/teg_MAVLink/install/_local_setup_util_sh.py'
[4.415s] INFO:colcon.colcon_core.shell:Creating prefix chain script '/home/sysop/MAVLink/teg_MAVLink/install/setup.sh'
[4.448s] INFO:colcon.colcon_core.shell:Creating prefix script '/home/sysop/MAVLink/teg_MAVLink/install/local_setup.bash'
[4.449s] INFO:colcon.colcon_core.shell:Creating prefix chain script '/home/sysop/MAVLink/teg_MAVLink/install/setup.bash'
[4.477s] INFO:colcon.colcon_core.shell:Creating prefix script '/home/sysop/MAVLink/teg_MAVLink/install/local_setup.zsh'
[4.478s] INFO:colcon.colcon_core.shell:Creating prefix chain script '/home/sysop/MAVLink/teg_MAVLink/install/setup.zsh'
[4.504s] INFO:colcon.colcon_core.shell:Creating '/home/sysop/MAVLink/teg_MAVLink/install/spawn_shell.bash'
