[1.061s] DEBUG:colcon:Command line arguments: ['/usr/bin/colcon', 'build', '--symlink-install', '--packages-select', 'depth_pkg']
[1.061s] DEBUG:colcon:Parsed command line arguments: Namespace(log_base=None, log_level=None, verb_name='build', build_base='build', install_base='install', merge_install=False, symlink_install=True, test_result_base=None, continue_on_error=False, executor='parallel', parallel_workers=6, event_handlers=None, ignore_user_meta=False, metas=['./colcon.meta'], base_paths=['.'], packages_ignore=None, packages_ignore_regex=None, paths=None, packages_up_to=None, packages_up_to_regex=None, packages_above=None, packages_above_and_dependencies=None, packages_above_depth=None, packages_select_by_dep=None, packages_skip_by_dep=None, packages_skip_up_to=None, packages_select_build_failed=False, packages_skip_build_finished=False, packages_select_test_failures=False, packages_skip_test_passed=False, packages_select=['depth_pkg'], packages_skip=None, packages_select_regex=None, packages_skip_regex=None, packages_start=None, packages_end=None, allow_overriding=[], bazel_args=None, bazel_task=None, cmake_args=None, cmake_target=None, cmake_target_skip_unavailable=False, cmake_clean_cache=False, cmake_clean_first=False, cmake_force_configure=False, meson_args=[], ament_cmake_args=None, catkin_cmake_args=None, catkin_skip_building_tests=False, mixin_files=None, mixin=None, verb_parser=<colcon_alias.argument_parser.alias.AliasArgumentDecorator object at 0xffffa0dc21d0>, verb_extension=<colcon_core.verb.build.BuildVerb object at 0xffffa0f34d90>, main=<bound method BuildVerb.main of <colcon_core.verb.build.BuildVerb object at 0xffffa0f34d90>>, mixin_verb=('build',))
[1.617s] Level 1:colcon.colcon_core.package_discovery:discover_packages(colcon_meta) check parameters
[1.617s] Level 1:colcon.colcon_core.package_discovery:discover_packages(recursive) check parameters
[1.618s] Level 1:colcon.colcon_core.package_discovery:discover_packages(ignore) check parameters
[1.618s] Level 1:colcon.colcon_core.package_discovery:discover_packages(path) check parameters
[1.618s] Level 1:colcon.colcon_core.package_discovery:discover_packages(colcon_meta) discover
[1.618s] Level 1:colcon.colcon_core.package_discovery:discover_packages(recursive) discover
[1.618s] INFO:colcon.colcon_core.package_discovery:Crawling recursively for packages in '/home/sysop/MAVLink/ros_depth_mav'
[1.618s] Level 1:colcon.colcon_core.package_identification:_identify(.) by extensions ['ignore', 'ignore_ament_install']
[1.619s] Level 1:colcon.colcon_core.package_identification:_identify(.) by extension 'ignore'
[1.619s] Level 1:colcon.colcon_core.package_identification:_identify(.) by extension 'ignore_ament_install'
[1.619s] Level 1:colcon.colcon_core.package_identification:_identify(.) by extensions ['colcon_pkg']
[1.619s] Level 1:colcon.colcon_core.package_identification:_identify(.) by extension 'colcon_pkg'
[1.619s] Level 1:colcon.colcon_core.package_identification:_identify(.) by extensions ['colcon_meta']
[1.619s] Level 1:colcon.colcon_core.package_identification:_identify(.) by extension 'colcon_meta'
[1.619s] Level 1:colcon.colcon_core.package_identification:_identify(.) by extensions ['ros']
[1.619s] Level 1:colcon.colcon_core.package_identification:_identify(.) by extension 'ros'
[1.627s] Level 1:colcon.colcon_core.package_identification:_identify(.) by extensions ['bazel', 'cmake', 'meson', 'python']
[1.627s] Level 1:colcon.colcon_core.package_identification:_identify(.) by extension 'bazel'
[1.628s] Level 1:colcon.colcon_core.package_identification:_identify(.) by extension 'cmake'
[1.628s] Level 1:colcon.colcon_core.package_identification:_identify(.) by extension 'meson'
[1.628s] Level 1:colcon.colcon_core.package_identification:_identify(.) by extension 'python'
[1.628s] Level 1:colcon.colcon_core.package_identification:_identify(.) by extensions ['python_setup_py']
[1.628s] Level 1:colcon.colcon_core.package_identification:_identify(.) by extension 'python_setup_py'
[1.628s] Level 1:colcon.colcon_core.package_identification:_identify(build) by extensions ['ignore', 'ignore_ament_install']
[1.629s] Level 1:colcon.colcon_core.package_identification:_identify(build) by extension 'ignore'
[1.629s] Level 1:colcon.colcon_core.package_identification:_identify(build) ignored
[1.629s] Level 1:colcon.colcon_core.package_identification:_identify(install) by extensions ['ignore', 'ignore_ament_install']
[1.629s] Level 1:colcon.colcon_core.package_identification:_identify(install) by extension 'ignore'
[1.629s] Level 1:colcon.colcon_core.package_identification:_identify(install) ignored
[1.630s] Level 1:colcon.colcon_core.package_identification:_identify(log) by extensions ['ignore', 'ignore_ament_install']
[1.630s] Level 1:colcon.colcon_core.package_identification:_identify(log) by extension 'ignore'
[1.630s] Level 1:colcon.colcon_core.package_identification:_identify(log) ignored
[1.630s] Level 1:colcon.colcon_core.package_identification:_identify(src) by extensions ['ignore', 'ignore_ament_install']
[1.630s] Level 1:colcon.colcon_core.package_identification:_identify(src) by extension 'ignore'
[1.630s] Level 1:colcon.colcon_core.package_identification:_identify(src) by extension 'ignore_ament_install'
[1.631s] Level 1:colcon.colcon_core.package_identification:_identify(src) by extensions ['colcon_pkg']
[1.631s] Level 1:colcon.colcon_core.package_identification:_identify(src) by extension 'colcon_pkg'
[1.631s] Level 1:colcon.colcon_core.package_identification:_identify(src) by extensions ['colcon_meta']
[1.631s] Level 1:colcon.colcon_core.package_identification:_identify(src) by extension 'colcon_meta'
[1.631s] Level 1:colcon.colcon_core.package_identification:_identify(src) by extensions ['ros']
[1.631s] Level 1:colcon.colcon_core.package_identification:_identify(src) by extension 'ros'
[1.631s] Level 1:colcon.colcon_core.package_identification:_identify(src) by extensions ['bazel', 'cmake', 'meson', 'python']
[1.631s] Level 1:colcon.colcon_core.package_identification:_identify(src) by extension 'bazel'
[1.631s] Level 1:colcon.colcon_core.package_identification:_identify(src) by extension 'cmake'
[1.631s] Level 1:colcon.colcon_core.package_identification:_identify(src) by extension 'meson'
[1.632s] Level 1:colcon.colcon_core.package_identification:_identify(src) by extension 'python'
[1.632s] Level 1:colcon.colcon_core.package_identification:_identify(src) by extensions ['python_setup_py']
[1.632s] Level 1:colcon.colcon_core.package_identification:_identify(src) by extension 'python_setup_py'
[1.632s] Level 1:colcon.colcon_core.package_identification:_identify(src/depth_pkg) by extensions ['ignore', 'ignore_ament_install']
[1.632s] Level 1:colcon.colcon_core.package_identification:_identify(src/depth_pkg) by extension 'ignore'
[1.632s] Level 1:colcon.colcon_core.package_identification:_identify(src/depth_pkg) by extension 'ignore_ament_install'
[1.632s] Level 1:colcon.colcon_core.package_identification:_identify(src/depth_pkg) by extensions ['colcon_pkg']
[1.632s] Level 1:colcon.colcon_core.package_identification:_identify(src/depth_pkg) by extension 'colcon_pkg'
[1.633s] Level 1:colcon.colcon_core.package_identification:_identify(src/depth_pkg) by extensions ['colcon_meta']
[1.633s] Level 1:colcon.colcon_core.package_identification:_identify(src/depth_pkg) by extension 'colcon_meta'
[1.633s] Level 1:colcon.colcon_core.package_identification:_identify(src/depth_pkg) by extensions ['ros']
[1.633s] Level 1:colcon.colcon_core.package_identification:_identify(src/depth_pkg) by extension 'ros'
[1.639s] DEBUG:colcon.colcon_core.package_identification:Package 'src/depth_pkg' with type 'ros.ament_python' and name 'depth_pkg'
[1.639s] Level 1:colcon.colcon_core.package_discovery:discover_packages(recursive) using defaults
[1.639s] Level 1:colcon.colcon_core.package_discovery:discover_packages(ignore) discover
[1.639s] Level 1:colcon.colcon_core.package_discovery:discover_packages(ignore) using defaults
[1.639s] Level 1:colcon.colcon_core.package_discovery:discover_packages(path) discover
[1.640s] Level 1:colcon.colcon_core.package_discovery:discover_packages(path) using defaults
[1.748s] Level 1:colcon.colcon_core.package_discovery:discover_packages(prefix_path) check parameters
[1.748s] Level 1:colcon.colcon_core.package_discovery:discover_packages(prefix_path) discover
[1.751s] WARNING:colcon.colcon_ros.prefix_path.ament:The path '/home/sysop/MAVLink/ros_depth_mav/install/depth_pkg' in the environment variable AMENT_PREFIX_PATH doesn't exist
[1.794s] DEBUG:colcon.colcon_installed_package_information.package_discovery:Found 0 installed packages in /home/sysop/MAVLink/ros_depth_mav/install
[1.813s] DEBUG:colcon.colcon_installed_package_information.package_discovery:Found 344 installed packages in /opt/ros/humble
[1.817s] Level 1:colcon.colcon_core.package_discovery:discover_packages(prefix_path) using defaults
[2.020s] Level 5:colcon.colcon_core.verb:set package 'depth_pkg' build argument 'bazel_args' from command line to 'None'
[2.020s] Level 5:colcon.colcon_core.verb:set package 'depth_pkg' build argument 'bazel_task' from command line to 'None'
[2.020s] Level 5:colcon.colcon_core.verb:set package 'depth_pkg' build argument 'cmake_args' from command line to 'None'
[2.020s] Level 5:colcon.colcon_core.verb:set package 'depth_pkg' build argument 'cmake_target' from command line to 'None'
[2.020s] Level 5:colcon.colcon_core.verb:set package 'depth_pkg' build argument 'cmake_target_skip_unavailable' from command line to 'False'
[2.020s] Level 5:colcon.colcon_core.verb:set package 'depth_pkg' build argument 'cmake_clean_cache' from command line to 'False'
[2.020s] Level 5:colcon.colcon_core.verb:set package 'depth_pkg' build argument 'cmake_clean_first' from command line to 'False'
[2.020s] Level 5:colcon.colcon_core.verb:set package 'depth_pkg' build argument 'cmake_force_configure' from command line to 'False'
[2.020s] Level 5:colcon.colcon_core.verb:set package 'depth_pkg' build argument 'meson_args' from command line to '[]'
[2.020s] Level 5:colcon.colcon_core.verb:set package 'depth_pkg' build argument 'ament_cmake_args' from command line to 'None'
[2.020s] Level 5:colcon.colcon_core.verb:set package 'depth_pkg' build argument 'catkin_cmake_args' from command line to 'None'
[2.020s] Level 5:colcon.colcon_core.verb:set package 'depth_pkg' build argument 'catkin_skip_building_tests' from command line to 'False'
[2.021s] DEBUG:colcon.colcon_core.verb:Building package 'depth_pkg' with the following arguments: {'ament_cmake_args': None, 'bazel_args': None, 'bazel_task': None, 'build_base': '/home/sysop/MAVLink/ros_depth_mav/build/depth_pkg', 'catkin_cmake_args': None, 'catkin_skip_building_tests': False, 'cmake_args': None, 'cmake_clean_cache': False, 'cmake_clean_first': False, 'cmake_force_configure': False, 'cmake_target': None, 'cmake_target_skip_unavailable': False, 'install_base': '/home/sysop/MAVLink/ros_depth_mav/install/depth_pkg', 'merge_install': False, 'meson_args': [], 'path': '/home/sysop/MAVLink/ros_depth_mav/src/depth_pkg', 'symlink_install': True, 'test_result_base': None}
[2.021s] INFO:colcon.colcon_core.executor:Executing jobs using 'parallel' executor
[2.023s] DEBUG:colcon.colcon_parallel_executor.executor.parallel:run_until_complete
[2.024s] INFO:colcon.colcon_ros.task.ament_python.build:Building ROS package in '/home/sysop/MAVLink/ros_depth_mav/src/depth_pkg' with build type 'ament_python'
[2.024s] Level 1:colcon.colcon_core.shell:create_environment_hook('depth_pkg', 'ament_prefix_path')
[2.041s] INFO:colcon.colcon_core.plugin_system:Skipping extension 'colcon_core.shell.bat': Not used on non-Windows systems
[2.042s] INFO:colcon.colcon_core.shell:Creating environment hook '/home/sysop/MAVLink/ros_depth_mav/install/depth_pkg/share/depth_pkg/hook/ament_prefix_path.ps1'
[2.044s] INFO:colcon.colcon_core.shell:Creating environment descriptor '/home/sysop/MAVLink/ros_depth_mav/install/depth_pkg/share/depth_pkg/hook/ament_prefix_path.dsv'
[2.045s] INFO:colcon.colcon_core.shell:Creating environment hook '/home/sysop/MAVLink/ros_depth_mav/install/depth_pkg/share/depth_pkg/hook/ament_prefix_path.sh'
[2.047s] DEBUG:colcon.colcon_ros_domain_id_coordinator.shell.ros_domain_id:Allocated ROS_DOMAIN_ID=32 for '/home/sysop/MAVLink/ros_depth_mav/build/depth_pkg'
[2.047s] INFO:colcon.colcon_core.shell:Skip shell extension 'ros_domain_id' for command environment: 
[2.047s] INFO:colcon.colcon_core.shell:Skip shell extension 'powershell' for command environment: Not usable outside of PowerShell
[2.047s] DEBUG:colcon.colcon_core.shell:Skip shell extension 'dsv' for command environment
[2.114s] WARNING:colcon.colcon_ros.task.ament_python.build:Package 'depth_pkg' doesn't explicitly install a marker in the package index (colcon-ros currently does it implicitly but that fallback will be removed in the future)
[2.114s] WARNING:colcon.colcon_ros.task.ament_python.build:Package 'depth_pkg' doesn't explicitly install the 'package.xml' file (colcon-ros currently does it implicitly but that fallback will be removed in the future)
[2.115s] INFO:colcon.colcon_core.task.python.build:Building Python package in '/home/sysop/MAVLink/ros_depth_mav/src/depth_pkg'
[2.115s] DEBUG:colcon.colcon_ros_domain_id_coordinator.shell.ros_domain_id:Allocated ROS_DOMAIN_ID=32 for '/home/sysop/MAVLink/ros_depth_mav/build/depth_pkg'
[2.115s] INFO:colcon.colcon_core.shell:Skip shell extension 'ros_domain_id' for command environment: 
[2.115s] INFO:colcon.colcon_core.shell:Skip shell extension 'powershell' for command environment: Not usable outside of PowerShell
[2.116s] DEBUG:colcon.colcon_core.shell:Skip shell extension 'dsv' for command environment
[3.858s] DEBUG:colcon.colcon_core.event_handler.log_command:Invoking command in '/home/sysop/MAVLink/ros_depth_mav/build/depth_pkg': PYTHONPATH=/home/sysop/MAVLink/ros_depth_mav/build/depth_pkg/prefix_override:/usr/lib/python3/dist-packages/colcon_core/task/python/colcon_distutils_commands:/home/sysop/MAVLink/ros_depth_mav/install/depth_pkg/lib/python3.10/site-packages:${PYTHONPATH} VIRTUAL_ENV_PROMPT=(base) /usr/bin/python3 -W ignore:setup.py install is deprecated -W ignore:easy_install command is deprecated setup.py develop --editable --build-directory /home/sysop/MAVLink/ros_depth_mav/build/depth_pkg/build --no-deps
[5.566s] Level 1:colcon.colcon_core.shell:create_environment_hook('depth_pkg', 'pythonpath_develop')
[5.567s] INFO:colcon.colcon_core.shell:Creating environment hook '/home/sysop/MAVLink/ros_depth_mav/build/depth_pkg/share/depth_pkg/hook/pythonpath_develop.ps1'
[5.568s] DEBUG:colcon.colcon_core.event_handler.log_command:Invoked command in '/home/sysop/MAVLink/ros_depth_mav/build/depth_pkg' returned '0': PYTHONPATH=/home/sysop/MAVLink/ros_depth_mav/build/depth_pkg/prefix_override:/usr/lib/python3/dist-packages/colcon_core/task/python/colcon_distutils_commands:/home/sysop/MAVLink/ros_depth_mav/install/depth_pkg/lib/python3.10/site-packages:${PYTHONPATH} VIRTUAL_ENV_PROMPT=(base) /usr/bin/python3 -W ignore:setup.py install is deprecated -W ignore:easy_install command is deprecated setup.py develop --editable --build-directory /home/sysop/MAVLink/ros_depth_mav/build/depth_pkg/build --no-deps
[5.571s] INFO:colcon.colcon_core.shell:Creating environment descriptor '/home/sysop/MAVLink/ros_depth_mav/build/depth_pkg/share/depth_pkg/hook/pythonpath_develop.dsv'
[5.572s] INFO:colcon.colcon_core.shell:Creating environment hook '/home/sysop/MAVLink/ros_depth_mav/build/depth_pkg/share/depth_pkg/hook/pythonpath_develop.sh'
[5.593s] Level 1:colcon.colcon_core.environment:checking '/home/sysop/MAVLink/ros_depth_mav/install/depth_pkg' for CMake module files
[5.594s] Level 1:colcon.colcon_core.environment:checking '/home/sysop/MAVLink/ros_depth_mav/install/depth_pkg' for CMake config files
[5.595s] Level 1:colcon.colcon_core.environment:checking '/home/sysop/MAVLink/ros_depth_mav/install/depth_pkg/lib'
[5.595s] Level 1:colcon.colcon_core.environment:checking '/home/sysop/MAVLink/ros_depth_mav/install/depth_pkg/bin'
[5.596s] Level 1:colcon.colcon_core.shell:create_environment_hook('depth_pkg', 'path')
[5.596s] INFO:colcon.colcon_core.shell:Creating environment hook '/home/sysop/MAVLink/ros_depth_mav/install/depth_pkg/share/depth_pkg/hook/path.ps1'
[5.598s] INFO:colcon.colcon_core.shell:Creating environment descriptor '/home/sysop/MAVLink/ros_depth_mav/install/depth_pkg/share/depth_pkg/hook/path.dsv'
[5.599s] INFO:colcon.colcon_core.shell:Creating environment hook '/home/sysop/MAVLink/ros_depth_mav/install/depth_pkg/share/depth_pkg/hook/path.sh'
[5.600s] Level 1:colcon.colcon_core.environment:checking '/home/sysop/MAVLink/ros_depth_mav/install/depth_pkg/lib/pkgconfig/depth_pkg.pc'
[5.601s] Level 1:colcon.colcon_core.environment:checking '/home/sysop/MAVLink/ros_depth_mav/install/depth_pkg/lib/python3.10/site-packages'
[5.602s] Level 1:colcon.colcon_core.shell:create_environment_hook('depth_pkg', 'pythonpath')
[5.603s] INFO:colcon.colcon_core.shell:Creating environment hook '/home/sysop/MAVLink/ros_depth_mav/install/depth_pkg/share/depth_pkg/hook/pythonpath.ps1'
[5.604s] INFO:colcon.colcon_core.shell:Creating environment descriptor '/home/sysop/MAVLink/ros_depth_mav/install/depth_pkg/share/depth_pkg/hook/pythonpath.dsv'
[5.605s] INFO:colcon.colcon_core.shell:Creating environment hook '/home/sysop/MAVLink/ros_depth_mav/install/depth_pkg/share/depth_pkg/hook/pythonpath.sh'
[5.607s] Level 1:colcon.colcon_core.environment:checking '/home/sysop/MAVLink/ros_depth_mav/install/depth_pkg/bin'
[5.607s] Level 1:colcon.colcon_core.shell:create_environment_hook('depth_pkg', 'pythonscriptspath')
[5.608s] INFO:colcon.colcon_core.shell:Creating environment hook '/home/sysop/MAVLink/ros_depth_mav/install/depth_pkg/share/depth_pkg/hook/pythonscriptspath.ps1'
[5.609s] INFO:colcon.colcon_core.shell:Creating environment descriptor '/home/sysop/MAVLink/ros_depth_mav/install/depth_pkg/share/depth_pkg/hook/pythonscriptspath.dsv'
[5.610s] INFO:colcon.colcon_core.shell:Creating environment hook '/home/sysop/MAVLink/ros_depth_mav/install/depth_pkg/share/depth_pkg/hook/pythonscriptspath.sh'
[5.611s] Level 1:colcon.colcon_core.environment:create_environment_scripts_only(depth_pkg)
[5.613s] INFO:colcon.colcon_core.shell:Creating package script '/home/sysop/MAVLink/ros_depth_mav/install/depth_pkg/share/depth_pkg/package.ps1'
[5.616s] INFO:colcon.colcon_core.shell:Creating package descriptor '/home/sysop/MAVLink/ros_depth_mav/install/depth_pkg/share/depth_pkg/package.dsv'
[5.619s] INFO:colcon.colcon_core.shell:Creating package script '/home/sysop/MAVLink/ros_depth_mav/install/depth_pkg/share/depth_pkg/package.sh'
[5.622s] INFO:colcon.colcon_core.shell:Creating package script '/home/sysop/MAVLink/ros_depth_mav/install/depth_pkg/share/depth_pkg/package.bash'
[5.625s] INFO:colcon.colcon_core.shell:Creating package script '/home/sysop/MAVLink/ros_depth_mav/install/depth_pkg/share/depth_pkg/package.zsh'
[5.628s] Level 1:colcon.colcon_core.environment:create_file_with_runtime_dependencies(/home/sysop/MAVLink/ros_depth_mav/install/depth_pkg/share/colcon-core/packages/depth_pkg)
[5.629s] DEBUG:colcon.colcon_parallel_executor.executor.parallel:closing loop
[5.630s] DEBUG:colcon.colcon_parallel_executor.executor.parallel:loop closed
[5.630s] DEBUG:colcon.colcon_parallel_executor.executor.parallel:run_until_complete finished with '0'
[5.630s] DEBUG:colcon.colcon_core.event_reactor:joining thread
[5.630s] DEBUG:colcon.colcon_ros_domain_id_coordinator.shell.ros_domain_id:Released ROS_DOMAIN_ID=32 for '/home/sysop/MAVLink/ros_depth_mav/build/depth_pkg'
[5.680s] INFO:colcon.colcon_core.plugin_system:Skipping extension 'colcon_notification.desktop_notification.terminal_notifier': Not used on non-Darwin systems
[5.680s] INFO:colcon.colcon_core.plugin_system:Skipping extension 'colcon_notification.desktop_notification.win32': Not used on non-Windows systems
[5.680s] INFO:colcon.colcon_notification.desktop_notification:Sending desktop notification using 'notify2'
[5.731s] DEBUG:colcon.colcon_notification.desktop_notification.notify2:Failed to initialize notify2: org.freedesktop.DBus.Error.Spawn.ChildExited: Process org.freedesktop.Notifications exited with status 1
[5.732s] DEBUG:colcon.colcon_core.event_reactor:joined thread
[5.733s] INFO:colcon.colcon_core.shell:Creating prefix script '/home/sysop/MAVLink/ros_depth_mav/install/local_setup.ps1'
[5.737s] INFO:colcon.colcon_core.shell:Creating prefix util module '/home/sysop/MAVLink/ros_depth_mav/install/_local_setup_util_ps1.py'
[5.743s] INFO:colcon.colcon_core.shell:Creating prefix chain script '/home/sysop/MAVLink/ros_depth_mav/install/setup.ps1'
[5.793s] INFO:colcon.colcon_core.shell:Creating prefix script '/home/sysop/MAVLink/ros_depth_mav/install/local_setup.sh'
[5.795s] INFO:colcon.colcon_core.shell:Creating prefix util module '/home/sysop/MAVLink/ros_depth_mav/install/_local_setup_util_sh.py'
[5.797s] INFO:colcon.colcon_core.shell:Creating prefix chain script '/home/sysop/MAVLink/ros_depth_mav/install/setup.sh'
[5.839s] INFO:colcon.colcon_core.shell:Creating prefix script '/home/sysop/MAVLink/ros_depth_mav/install/local_setup.bash'
[5.840s] INFO:colcon.colcon_core.shell:Creating prefix chain script '/home/sysop/MAVLink/ros_depth_mav/install/setup.bash'
[5.876s] INFO:colcon.colcon_core.shell:Creating prefix script '/home/sysop/MAVLink/ros_depth_mav/install/local_setup.zsh'
[5.877s] INFO:colcon.colcon_core.shell:Creating prefix chain script '/home/sysop/MAVLink/ros_depth_mav/install/setup.zsh'
[5.908s] INFO:colcon.colcon_core.shell:Creating '/home/sysop/MAVLink/ros_depth_mav/install/spawn_shell.bash'
