[1.040s] DEBUG:colcon:Command line arguments: ['/usr/bin/colcon', 'build', '--symlink-install']
[1.040s] DEBUG:colcon:Parsed command line arguments: Namespace(log_base=None, log_level=None, verb_name='build', build_base='build', install_base='install', merge_install=False, symlink_install=True, test_result_base=None, continue_on_error=False, executor='parallel', parallel_workers=6, event_handlers=None, ignore_user_meta=False, metas=['./colcon.meta'], base_paths=['.'], packages_ignore=None, packages_ignore_regex=None, paths=None, packages_up_to=None, packages_up_to_regex=None, packages_above=None, packages_above_and_dependencies=None, packages_above_depth=None, packages_select_by_dep=None, packages_skip_by_dep=None, packages_skip_up_to=None, packages_select_build_failed=False, packages_skip_build_finished=False, packages_select_test_failures=False, packages_skip_test_passed=False, packages_select=None, packages_skip=None, packages_select_regex=None, packages_skip_regex=None, packages_start=None, packages_end=None, allow_overriding=[], bazel_args=None, bazel_task=None, cmake_args=None, cmake_target=None, cmake_target_skip_unavailable=False, cmake_clean_cache=False, cmake_clean_first=False, cmake_force_configure=False, meson_args=[], ament_cmake_args=None, catkin_cmake_args=None, catkin_skip_building_tests=False, mixin_files=None, mixin=None, verb_parser=<colcon_alias.argument_parser.alias.AliasArgumentDecorator object at 0xffffa3e4f460>, verb_extension=<colcon_core.verb.build.BuildVerb object at 0xffffa3dd86d0>, main=<bound method BuildVerb.main of <colcon_core.verb.build.BuildVerb object at 0xffffa3dd86d0>>, mixin_verb=('build',))
[1.584s] Level 1:colcon.colcon_core.package_discovery:discover_packages(colcon_meta) check parameters
[1.585s] Level 1:colcon.colcon_core.package_discovery:discover_packages(recursive) check parameters
[1.585s] Level 1:colcon.colcon_core.package_discovery:discover_packages(ignore) check parameters
[1.585s] Level 1:colcon.colcon_core.package_discovery:discover_packages(path) check parameters
[1.585s] Level 1:colcon.colcon_core.package_discovery:discover_packages(colcon_meta) discover
[1.585s] Level 1:colcon.colcon_core.package_discovery:discover_packages(recursive) discover
[1.585s] INFO:colcon.colcon_core.package_discovery:Crawling recursively for packages in '/home/sysop/MAVLink/teg_MAVLink'
[1.586s] Level 1:colcon.colcon_core.package_identification:_identify(.) by extensions ['ignore', 'ignore_ament_install']
[1.586s] Level 1:colcon.colcon_core.package_identification:_identify(.) by extension 'ignore'
[1.586s] Level 1:colcon.colcon_core.package_identification:_identify(.) by extension 'ignore_ament_install'
[1.586s] Level 1:colcon.colcon_core.package_identification:_identify(.) by extensions ['colcon_pkg']
[1.586s] Level 1:colcon.colcon_core.package_identification:_identify(.) by extension 'colcon_pkg'
[1.586s] Level 1:colcon.colcon_core.package_identification:_identify(.) by extensions ['colcon_meta']
[1.586s] Level 1:colcon.colcon_core.package_identification:_identify(.) by extension 'colcon_meta'
[1.586s] Level 1:colcon.colcon_core.package_identification:_identify(.) by extensions ['ros']
[1.587s] Level 1:colcon.colcon_core.package_identification:_identify(.) by extension 'ros'
[1.594s] Level 1:colcon.colcon_core.package_identification:_identify(.) by extensions ['bazel', 'cmake', 'meson', 'python']
[1.594s] Level 1:colcon.colcon_core.package_identification:_identify(.) by extension 'bazel'
[1.594s] Level 1:colcon.colcon_core.package_identification:_identify(.) by extension 'cmake'
[1.594s] Level 1:colcon.colcon_core.package_identification:_identify(.) by extension 'meson'
[1.594s] Level 1:colcon.colcon_core.package_identification:_identify(.) by extension 'python'
[1.594s] Level 1:colcon.colcon_core.package_identification:_identify(.) by extensions ['python_setup_py']
[1.595s] Level 1:colcon.colcon_core.package_identification:_identify(.) by extension 'python_setup_py'
[1.595s] Level 1:colcon.colcon_core.package_identification:_identify(build) by extensions ['ignore', 'ignore_ament_install']
[1.595s] Level 1:colcon.colcon_core.package_identification:_identify(build) by extension 'ignore'
[1.595s] Level 1:colcon.colcon_core.package_identification:_identify(build) ignored
[1.595s] Level 1:colcon.colcon_core.package_identification:_identify(install) by extensions ['ignore', 'ignore_ament_install']
[1.596s] Level 1:colcon.colcon_core.package_identification:_identify(install) by extension 'ignore'
[1.596s] Level 1:colcon.colcon_core.package_identification:_identify(install) ignored
[1.596s] Level 1:colcon.colcon_core.package_identification:_identify(log) by extensions ['ignore', 'ignore_ament_install']
[1.596s] Level 1:colcon.colcon_core.package_identification:_identify(log) by extension 'ignore'
[1.596s] Level 1:colcon.colcon_core.package_identification:_identify(log) ignored
[1.596s] Level 1:colcon.colcon_core.package_identification:_identify(src) by extensions ['ignore', 'ignore_ament_install']
[1.597s] Level 1:colcon.colcon_core.package_identification:_identify(src) by extension 'ignore'
[1.597s] Level 1:colcon.colcon_core.package_identification:_identify(src) by extension 'ignore_ament_install'
[1.597s] Level 1:colcon.colcon_core.package_identification:_identify(src) by extensions ['colcon_pkg']
[1.597s] Level 1:colcon.colcon_core.package_identification:_identify(src) by extension 'colcon_pkg'
[1.597s] Level 1:colcon.colcon_core.package_identification:_identify(src) by extensions ['colcon_meta']
[1.597s] Level 1:colcon.colcon_core.package_identification:_identify(src) by extension 'colcon_meta'
[1.597s] Level 1:colcon.colcon_core.package_identification:_identify(src) by extensions ['ros']
[1.597s] Level 1:colcon.colcon_core.package_identification:_identify(src) by extension 'ros'
[1.597s] Level 1:colcon.colcon_core.package_identification:_identify(src) by extensions ['bazel', 'cmake', 'meson', 'python']
[1.598s] Level 1:colcon.colcon_core.package_identification:_identify(src) by extension 'bazel'
[1.598s] Level 1:colcon.colcon_core.package_identification:_identify(src) by extension 'cmake'
[1.598s] Level 1:colcon.colcon_core.package_identification:_identify(src) by extension 'meson'
[1.598s] Level 1:colcon.colcon_core.package_identification:_identify(src) by extension 'python'
[1.598s] Level 1:colcon.colcon_core.package_identification:_identify(src) by extensions ['python_setup_py']
[1.598s] Level 1:colcon.colcon_core.package_identification:_identify(src) by extension 'python_setup_py'
[1.598s] Level 1:colcon.colcon_core.package_identification:_identify(src/my_bridge_pkg) by extensions ['ignore', 'ignore_ament_install']
[1.598s] Level 1:colcon.colcon_core.package_identification:_identify(src/my_bridge_pkg) by extension 'ignore'
[1.599s] Level 1:colcon.colcon_core.package_identification:_identify(src/my_bridge_pkg) by extension 'ignore_ament_install'
[1.599s] Level 1:colcon.colcon_core.package_identification:_identify(src/my_bridge_pkg) by extensions ['colcon_pkg']
[1.599s] Level 1:colcon.colcon_core.package_identification:_identify(src/my_bridge_pkg) by extension 'colcon_pkg'
[1.599s] Level 1:colcon.colcon_core.package_identification:_identify(src/my_bridge_pkg) by extensions ['colcon_meta']
[1.599s] Level 1:colcon.colcon_core.package_identification:_identify(src/my_bridge_pkg) by extension 'colcon_meta'
[1.599s] Level 1:colcon.colcon_core.package_identification:_identify(src/my_bridge_pkg) by extensions ['ros']
[1.599s] Level 1:colcon.colcon_core.package_identification:_identify(src/my_bridge_pkg) by extension 'ros'
[1.603s] DEBUG:colcon.colcon_core.package_identification:Failed to parse potential ROS package manifest in'src/my_bridge_pkg': Error(s) in package 'src/my_bridge_pkg/package.xml':
Error(s):
- The manifest of package "my_bridge_pkg" (with format version 3) must not contain the following tags: build_type
[1.603s] Level 1:colcon.colcon_core.package_identification:_identify(src/my_bridge_pkg) by extensions ['bazel', 'cmake', 'meson', 'python']
[1.603s] Level 1:colcon.colcon_core.package_identification:_identify(src/my_bridge_pkg) by extension 'bazel'
[1.603s] Level 1:colcon.colcon_core.package_identification:_identify(src/my_bridge_pkg) by extension 'cmake'
[1.603s] Level 1:colcon.colcon_core.package_identification:_identify(src/my_bridge_pkg) by extension 'meson'
[1.604s] Level 1:colcon.colcon_core.package_identification:_identify(src/my_bridge_pkg) by extension 'python'
[1.646s] DEBUG:colcon.colcon_core.package_identification:Package 'src/my_bridge_pkg' with type 'python' and name 'my_bridge_pkg'
[1.647s] Level 1:colcon.colcon_core.package_discovery:discover_packages(recursive) using defaults
[1.647s] Level 1:colcon.colcon_core.package_discovery:discover_packages(ignore) discover
[1.647s] Level 1:colcon.colcon_core.package_discovery:discover_packages(ignore) using defaults
[1.647s] Level 1:colcon.colcon_core.package_discovery:discover_packages(path) discover
[1.647s] Level 1:colcon.colcon_core.package_discovery:discover_packages(path) using defaults
[1.716s] Level 1:colcon.colcon_core.package_discovery:discover_packages(prefix_path) check parameters
[1.716s] Level 1:colcon.colcon_core.package_discovery:discover_packages(prefix_path) discover
[1.759s] DEBUG:colcon.colcon_installed_package_information.package_discovery:Found 0 installed packages in /home/sysop/MAVLink/teg_MAVLink/install
[1.760s] DEBUG:colcon.colcon_installed_package_information.package_discovery:Found 1 installed packages in /home/sysop/MAVLink/ros_depth_mav/install
[1.779s] DEBUG:colcon.colcon_installed_package_information.package_discovery:Found 344 installed packages in /opt/ros/humble
[1.783s] DEBUG:colcon.colcon_installed_package_information.package_discovery:Found 1 installed packages in /home/sysop/MAVLink/depth_to_nano/install
[1.784s] Level 1:colcon.colcon_core.package_discovery:discover_packages(prefix_path) using defaults
[1.905s] Level 5:colcon.colcon_core.verb:set package 'my_bridge_pkg' build argument 'bazel_args' from command line to 'None'
[1.905s] Level 5:colcon.colcon_core.verb:set package 'my_bridge_pkg' build argument 'bazel_task' from command line to 'None'
[1.905s] Level 5:colcon.colcon_core.verb:set package 'my_bridge_pkg' build argument 'cmake_args' from command line to 'None'
[1.906s] Level 5:colcon.colcon_core.verb:set package 'my_bridge_pkg' build argument 'cmake_target' from command line to 'None'
[1.906s] Level 5:colcon.colcon_core.verb:set package 'my_bridge_pkg' build argument 'cmake_target_skip_unavailable' from command line to 'False'
[1.906s] Level 5:colcon.colcon_core.verb:set package 'my_bridge_pkg' build argument 'cmake_clean_cache' from command line to 'False'
[1.906s] Level 5:colcon.colcon_core.verb:set package 'my_bridge_pkg' build argument 'cmake_clean_first' from command line to 'False'
[1.906s] Level 5:colcon.colcon_core.verb:set package 'my_bridge_pkg' build argument 'cmake_force_configure' from command line to 'False'
[1.906s] Level 5:colcon.colcon_core.verb:set package 'my_bridge_pkg' build argument 'meson_args' from command line to '[]'
[1.906s] Level 5:colcon.colcon_core.verb:set package 'my_bridge_pkg' build argument 'ament_cmake_args' from command line to 'None'
[1.906s] Level 5:colcon.colcon_core.verb:set package 'my_bridge_pkg' build argument 'catkin_cmake_args' from command line to 'None'
[1.906s] Level 5:colcon.colcon_core.verb:set package 'my_bridge_pkg' build argument 'catkin_skip_building_tests' from command line to 'False'
[1.906s] DEBUG:colcon.colcon_core.verb:Building package 'my_bridge_pkg' with the following arguments: {'ament_cmake_args': None, 'bazel_args': None, 'bazel_task': None, 'build_base': '/home/sysop/MAVLink/teg_MAVLink/build/my_bridge_pkg', 'catkin_cmake_args': None, 'catkin_skip_building_tests': False, 'cmake_args': None, 'cmake_clean_cache': False, 'cmake_clean_first': False, 'cmake_force_configure': False, 'cmake_target': None, 'cmake_target_skip_unavailable': False, 'install_base': '/home/sysop/MAVLink/teg_MAVLink/install/my_bridge_pkg', 'merge_install': False, 'meson_args': [], 'path': '/home/sysop/MAVLink/teg_MAVLink/src/my_bridge_pkg', 'symlink_install': True, 'test_result_base': None}
[1.907s] INFO:colcon.colcon_core.executor:Executing jobs using 'parallel' executor
[1.909s] DEBUG:colcon.colcon_parallel_executor.executor.parallel:run_until_complete
[1.910s] INFO:colcon.colcon_core.task.python.build:Building Python package in '/home/sysop/MAVLink/teg_MAVLink/src/my_bridge_pkg'
[1.926s] INFO:colcon.colcon_core.plugin_system:Skipping extension 'colcon_core.shell.bat': Not used on non-Windows systems
[1.927s] DEBUG:colcon.colcon_ros_domain_id_coordinator.shell.ros_domain_id:Allocated ROS_DOMAIN_ID=19 for '/home/sysop/MAVLink/teg_MAVLink/build/my_bridge_pkg'
[1.927s] INFO:colcon.colcon_core.shell:Skip shell extension 'ros_domain_id' for command environment: 
[1.927s] INFO:colcon.colcon_core.shell:Skip shell extension 'powershell' for command environment: Not usable outside of PowerShell
[1.927s] DEBUG:colcon.colcon_core.shell:Skip shell extension 'dsv' for command environment
[3.637s] DEBUG:colcon.colcon_core.event_handler.log_command:Invoking command in '/home/sysop/MAVLink/teg_MAVLink/build/my_bridge_pkg': PYTHONPATH=/home/sysop/MAVLink/teg_MAVLink/build/my_bridge_pkg/prefix_override:/usr/lib/python3/dist-packages/colcon_core/task/python/colcon_distutils_commands:/home/sysop/MAVLink/teg_MAVLink/install/my_bridge_pkg/lib/python3.10/site-packages:${PYTHONPATH} VIRTUAL_ENV_PROMPT=(base) /usr/bin/python3 -W ignore:setup.py install is deprecated -W ignore:easy_install command is deprecated setup.py develop --editable --build-directory /home/sysop/MAVLink/teg_MAVLink/build/my_bridge_pkg/build --no-deps
[5.453s] Level 1:colcon.colcon_core.shell:create_environment_hook('my_bridge_pkg', 'pythonpath_develop')
[5.454s] INFO:colcon.colcon_core.shell:Creating environment hook '/home/sysop/MAVLink/teg_MAVLink/build/my_bridge_pkg/share/my_bridge_pkg/hook/pythonpath_develop.ps1'
[5.455s] DEBUG:colcon.colcon_core.event_handler.log_command:Invoked command in '/home/sysop/MAVLink/teg_MAVLink/build/my_bridge_pkg' returned '0': PYTHONPATH=/home/sysop/MAVLink/teg_MAVLink/build/my_bridge_pkg/prefix_override:/usr/lib/python3/dist-packages/colcon_core/task/python/colcon_distutils_commands:/home/sysop/MAVLink/teg_MAVLink/install/my_bridge_pkg/lib/python3.10/site-packages:${PYTHONPATH} VIRTUAL_ENV_PROMPT=(base) /usr/bin/python3 -W ignore:setup.py install is deprecated -W ignore:easy_install command is deprecated setup.py develop --editable --build-directory /home/sysop/MAVLink/teg_MAVLink/build/my_bridge_pkg/build --no-deps
[5.457s] INFO:colcon.colcon_core.shell:Creating environment descriptor '/home/sysop/MAVLink/teg_MAVLink/build/my_bridge_pkg/share/my_bridge_pkg/hook/pythonpath_develop.dsv'
[5.458s] INFO:colcon.colcon_core.shell:Creating environment hook '/home/sysop/MAVLink/teg_MAVLink/build/my_bridge_pkg/share/my_bridge_pkg/hook/pythonpath_develop.sh'
[5.474s] Level 1:colcon.colcon_core.environment:checking '/home/sysop/MAVLink/teg_MAVLink/install/my_bridge_pkg' for CMake module files
[5.475s] Level 1:colcon.colcon_core.environment:checking '/home/sysop/MAVLink/teg_MAVLink/install/my_bridge_pkg' for CMake config files
[5.476s] Level 1:colcon.colcon_core.environment:checking '/home/sysop/MAVLink/teg_MAVLink/install/my_bridge_pkg/lib'
[5.476s] Level 1:colcon.colcon_core.environment:checking '/home/sysop/MAVLink/teg_MAVLink/install/my_bridge_pkg/bin'
[5.476s] Level 1:colcon.colcon_core.shell:create_environment_hook('my_bridge_pkg', 'path')
[5.477s] INFO:colcon.colcon_core.shell:Creating environment hook '/home/sysop/MAVLink/teg_MAVLink/install/my_bridge_pkg/share/my_bridge_pkg/hook/path.ps1'
[5.478s] INFO:colcon.colcon_core.shell:Creating environment descriptor '/home/sysop/MAVLink/teg_MAVLink/install/my_bridge_pkg/share/my_bridge_pkg/hook/path.dsv'
[5.479s] INFO:colcon.colcon_core.shell:Creating environment hook '/home/sysop/MAVLink/teg_MAVLink/install/my_bridge_pkg/share/my_bridge_pkg/hook/path.sh'
[5.480s] Level 1:colcon.colcon_core.environment:checking '/home/sysop/MAVLink/teg_MAVLink/install/my_bridge_pkg/lib/pkgconfig/my_bridge_pkg.pc'
[5.481s] Level 1:colcon.colcon_core.environment:checking '/home/sysop/MAVLink/teg_MAVLink/install/my_bridge_pkg/lib/python3.10/site-packages'
[5.481s] Level 1:colcon.colcon_core.shell:create_environment_hook('my_bridge_pkg', 'pythonpath')
[5.482s] INFO:colcon.colcon_core.shell:Creating environment hook '/home/sysop/MAVLink/teg_MAVLink/install/my_bridge_pkg/share/my_bridge_pkg/hook/pythonpath.ps1'
[5.483s] INFO:colcon.colcon_core.shell:Creating environment descriptor '/home/sysop/MAVLink/teg_MAVLink/install/my_bridge_pkg/share/my_bridge_pkg/hook/pythonpath.dsv'
[5.483s] INFO:colcon.colcon_core.shell:Creating environment hook '/home/sysop/MAVLink/teg_MAVLink/install/my_bridge_pkg/share/my_bridge_pkg/hook/pythonpath.sh'
[5.485s] Level 1:colcon.colcon_core.environment:checking '/home/sysop/MAVLink/teg_MAVLink/install/my_bridge_pkg/bin'
[5.485s] Level 1:colcon.colcon_core.shell:create_environment_hook('my_bridge_pkg', 'pythonscriptspath')
[5.486s] INFO:colcon.colcon_core.shell:Creating environment hook '/home/sysop/MAVLink/teg_MAVLink/install/my_bridge_pkg/share/my_bridge_pkg/hook/pythonscriptspath.ps1'
[5.486s] INFO:colcon.colcon_core.shell:Creating environment descriptor '/home/sysop/MAVLink/teg_MAVLink/install/my_bridge_pkg/share/my_bridge_pkg/hook/pythonscriptspath.dsv'
[5.487s] INFO:colcon.colcon_core.shell:Creating environment hook '/home/sysop/MAVLink/teg_MAVLink/install/my_bridge_pkg/share/my_bridge_pkg/hook/pythonscriptspath.sh'
[5.488s] Level 1:colcon.colcon_core.environment:create_environment_scripts_only(my_bridge_pkg)
[5.489s] INFO:colcon.colcon_core.shell:Creating package script '/home/sysop/MAVLink/teg_MAVLink/install/my_bridge_pkg/share/my_bridge_pkg/package.ps1'
[5.491s] INFO:colcon.colcon_core.shell:Creating package descriptor '/home/sysop/MAVLink/teg_MAVLink/install/my_bridge_pkg/share/my_bridge_pkg/package.dsv'
[5.493s] INFO:colcon.colcon_core.shell:Creating package script '/home/sysop/MAVLink/teg_MAVLink/install/my_bridge_pkg/share/my_bridge_pkg/package.sh'
[5.495s] INFO:colcon.colcon_core.shell:Creating package script '/home/sysop/MAVLink/teg_MAVLink/install/my_bridge_pkg/share/my_bridge_pkg/package.bash'
[5.497s] INFO:colcon.colcon_core.shell:Creating package script '/home/sysop/MAVLink/teg_MAVLink/install/my_bridge_pkg/share/my_bridge_pkg/package.zsh'
[5.499s] Level 1:colcon.colcon_core.environment:create_file_with_runtime_dependencies(/home/sysop/MAVLink/teg_MAVLink/install/my_bridge_pkg/share/colcon-core/packages/my_bridge_pkg)
[5.500s] DEBUG:colcon.colcon_parallel_executor.executor.parallel:closing loop
[5.500s] DEBUG:colcon.colcon_ros_domain_id_coordinator.shell.ros_domain_id:Released ROS_DOMAIN_ID=19 for '/home/sysop/MAVLink/teg_MAVLink/build/my_bridge_pkg'
[5.500s] DEBUG:colcon.colcon_parallel_executor.executor.parallel:loop closed
[5.501s] DEBUG:colcon.colcon_parallel_executor.executor.parallel:run_until_complete finished with '0'
[5.501s] DEBUG:colcon.colcon_core.event_reactor:joining thread
[5.544s] INFO:colcon.colcon_core.plugin_system:Skipping extension 'colcon_notification.desktop_notification.terminal_notifier': Not used on non-Darwin systems
[5.544s] INFO:colcon.colcon_core.plugin_system:Skipping extension 'colcon_notification.desktop_notification.win32': Not used on non-Windows systems
[5.544s] INFO:colcon.colcon_notification.desktop_notification:Sending desktop notification using 'notify2'
[5.655s] DEBUG:colcon.colcon_notification.desktop_notification.notify2:Failed to initialize notify2: org.freedesktop.DBus.Error.Spawn.ChildExited: Process org.freedesktop.Notifications exited with status 1
[5.655s] DEBUG:colcon.colcon_core.event_reactor:joined thread
[5.656s] INFO:colcon.colcon_core.shell:Creating prefix script '/home/sysop/MAVLink/teg_MAVLink/install/local_setup.ps1'
[5.658s] INFO:colcon.colcon_core.shell:Creating prefix util module '/home/sysop/MAVLink/teg_MAVLink/install/_local_setup_util_ps1.py'
[5.661s] INFO:colcon.colcon_core.shell:Creating prefix chain script '/home/sysop/MAVLink/teg_MAVLink/install/setup.ps1'
[5.691s] INFO:colcon.colcon_core.shell:Creating prefix script '/home/sysop/MAVLink/teg_MAVLink/install/local_setup.sh'
[5.692s] INFO:colcon.colcon_core.shell:Creating prefix util module '/home/sysop/MAVLink/teg_MAVLink/install/_local_setup_util_sh.py'
[5.694s] INFO:colcon.colcon_core.shell:Creating prefix chain script '/home/sysop/MAVLink/teg_MAVLink/install/setup.sh'
[5.724s] INFO:colcon.colcon_core.shell:Creating prefix script '/home/sysop/MAVLink/teg_MAVLink/install/local_setup.bash'
[5.725s] INFO:colcon.colcon_core.shell:Creating prefix chain script '/home/sysop/MAVLink/teg_MAVLink/install/setup.bash'
[5.755s] INFO:colcon.colcon_core.shell:Creating prefix script '/home/sysop/MAVLink/teg_MAVLink/install/local_setup.zsh'
[5.756s] INFO:colcon.colcon_core.shell:Creating prefix chain script '/home/sysop/MAVLink/teg_MAVLink/install/setup.zsh'
[5.786s] INFO:colcon.colcon_core.shell:Creating '/home/sysop/MAVLink/teg_MAVLink/install/spawn_shell.bash'
