[1.727s] Invoking command in '/home/sysop/MAVLink/teg_MAVLink/build/my_bridge_pkg': PYTHONPATH=/home/sysop/MAVLink/teg_MAVLink/build/my_bridge_pkg/prefix_override:/usr/lib/python3/dist-packages/colcon_core/task/python/colcon_distutils_commands:/home/sysop/MAVLink/teg_MAVLink/install/my_bridge_pkg/lib/python3.10/site-packages:${PYTHONPATH} VIRTUAL_ENV_PROMPT=(base) /usr/bin/python3 -W ignore:setup.py install is deprecated -W ignore:easy_install command is deprecated setup.py develop --editable --build-directory /home/sysop/MAVLink/teg_MAVLink/build/my_bridge_pkg/build --no-deps
[2.774s] running develop
[2.953s] /usr/lib/python3/dist-packages/pkg_resources/__init__.py:116: PkgResourcesDeprecationWarning: 1.12.1-git20200711.33e2d80-dfsg1-0.6 is an invalid version and will not be supported in a future release
[2.953s]   warnings.warn(
[3.294s] running egg_info
[3.295s] creating my_bridge_pkg.egg-info
[3.295s] writing my_bridge_pkg.egg-info/PKG-INFO
[3.296s] writing dependency_links to my_bridge_pkg.egg-info/dependency_links.txt
[3.296s] writing entry points to my_bridge_pkg.egg-info/entry_points.txt
[3.297s] writing requirements to my_bridge_pkg.egg-info/requires.txt
[3.297s] writing top-level names to my_bridge_pkg.egg-info/top_level.txt
[3.308s] writing manifest file 'my_bridge_pkg.egg-info/SOURCES.txt'
[3.312s] reading manifest file 'my_bridge_pkg.egg-info/SOURCES.txt'
[3.314s] writing manifest file 'my_bridge_pkg.egg-info/SOURCES.txt'
[3.428s] running build_ext
[3.428s] Creating /home/sysop/MAVLink/teg_MAVLink/install/my_bridge_pkg/lib/python3.10/site-packages/my-bridge-pkg.egg-link (link to .)
[3.431s] Installing ros2_mavlink_bridge script to /home/sysop/MAVLink/teg_MAVLink/install/my_bridge_pkg/bin
[3.432s] 
[3.432s] Installed /home/sysop/MAVLink/teg_MAVLink/build/my_bridge_pkg
[3.545s] Invoked command in '/home/sysop/MAVLink/teg_MAVLink/build/my_bridge_pkg' returned '0': PYTHONPATH=/home/sysop/MAVLink/teg_MAVLink/build/my_bridge_pkg/prefix_override:/usr/lib/python3/dist-packages/colcon_core/task/python/colcon_distutils_commands:/home/sysop/MAVLink/teg_MAVLink/install/my_bridge_pkg/lib/python3.10/site-packages:${PYTHONPATH} VIRTUAL_ENV_PROMPT=(base) /usr/bin/python3 -W ignore:setup.py install is deprecated -W ignore:easy_install command is deprecated setup.py develop --editable --build-directory /home/sysop/MAVLink/teg_MAVLink/build/my_bridge_pkg/build --no-deps
