running egg_info
creating ../../build/my_bridge_pkg/my_bridge_pkg.egg-info
writing ../../build/my_bridge_pkg/my_bridge_pkg.egg-info/PKG-INFO
writing dependency_links to ../../build/my_bridge_pkg/my_bridge_pkg.egg-info/dependency_links.txt
writing entry points to ../../build/my_bridge_pkg/my_bridge_pkg.egg-info/entry_points.txt
writing requirements to ../../build/my_bridge_pkg/my_bridge_pkg.egg-info/requires.txt
writing top-level names to ../../build/my_bridge_pkg/my_bridge_pkg.egg-info/top_level.txt
writing manifest file '../../build/my_bridge_pkg/my_bridge_pkg.egg-info/SOURCES.txt'
reading manifest file '../../build/my_bridge_pkg/my_bridge_pkg.egg-info/SOURCES.txt'
writing manifest file '../../build/my_bridge_pkg/my_bridge_pkg.egg-info/SOURCES.txt'
running build
running build_py
creating /home/sysop/MAVLink/teg_MAVLink/build/my_bridge_pkg/build
creating /home/sysop/MAVLink/teg_MAVLink/build/my_bridge_pkg/build/lib
creating /home/sysop/MAVLink/teg_MAVLink/build/my_bridge_pkg/build/lib/my_bridge_pkg
copying my_bridge_pkg/__init__.py -> /home/sysop/MAVLink/teg_MAVLink/build/my_bridge_pkg/build/lib/my_bridge_pkg
copying my_bridge_pkg/ros2_mavlink_bridge.py -> /home/sysop/MAVLink/teg_MAVLink/build/my_bridge_pkg/build/lib/my_bridge_pkg
running install
running install_lib
creating /home/sysop/MAVLink/teg_MAVLink/install/my_bridge_pkg/lib/python3.10/site-packages/my_bridge_pkg
copying /home/sysop/MAVLink/teg_MAVLink/build/my_bridge_pkg/build/lib/my_bridge_pkg/__init__.py -> /home/sysop/MAVLink/teg_MAVLink/install/my_bridge_pkg/lib/python3.10/site-packages/my_bridge_pkg
copying /home/sysop/MAVLink/teg_MAVLink/build/my_bridge_pkg/build/lib/my_bridge_pkg/ros2_mavlink_bridge.py -> /home/sysop/MAVLink/teg_MAVLink/install/my_bridge_pkg/lib/python3.10/site-packages/my_bridge_pkg
byte-compiling /home/sysop/MAVLink/teg_MAVLink/install/my_bridge_pkg/lib/python3.10/site-packages/my_bridge_pkg/__init__.py to __init__.cpython-310.pyc
byte-compiling /home/sysop/MAVLink/teg_MAVLink/install/my_bridge_pkg/lib/python3.10/site-packages/my_bridge_pkg/ros2_mavlink_bridge.py to ros2_mavlink_bridge.cpython-310.pyc
running install_egg_info
Copying ../../build/my_bridge_pkg/my_bridge_pkg.egg-info to /home/sysop/MAVLink/teg_MAVLink/install/my_bridge_pkg/lib/python3.10/site-packages/my_bridge_pkg-0.1.0-py3.10.egg-info
running install_scripts
Installing ros2_mavlink_bridge script to /home/sysop/MAVLink/teg_MAVLink/install/my_bridge_pkg/bin
writing list of installed files to '/home/sysop/MAVLink/teg_MAVLink/build/my_bridge_pkg/install.log'
